This is pdfTeX, Version 3.141592653-2.6-1.40.27 (TeX Live 2025) (preloaded format=pdflatex 2025.4.27)  9 APR 2026 14:00
entering extended mode
 restricted \write18 enabled.
 %&-line parsing enabled.
**project_report.tex
(./project_report.tex
LaTeX2e <2024-11-01> patch level 2
L3 programming layer <2025-01-18>
(/usr/local/texlive/2025/texmf-dist/tex/latex/base/article.cls
Document Class: article 2024/06/29 v1.4n Standard LaTeX document class
(/usr/local/texlive/2025/texmf-dist/tex/latex/base/size11.clo
File: size11.clo 2024/06/29 v1.4n Standard LaTeX file (size option)
)
\c@part=\count196
\c@section=\count197
\c@subsection=\count198
\c@subsubsection=\count199
\c@paragraph=\count266
\c@subparagraph=\count267
\c@figure=\count268
\c@table=\count269
\abovecaptionskip=\skip49
\belowcaptionskip=\skip50
\bibindent=\dimen141
)
(/usr/local/texlive/2025/texmf-dist/tex/latex/geometry/geometry.sty
Package: geometry 2020/01/02 v5.9 Page Geometry

(/usr/local/texlive/2025/texmf-dist/tex/latex/graphics/keyval.sty
Package: keyval 2022/05/29 v1.15 key=value parser (DPC)
\KV@toks@=\toks17
)
(/usr/local/texlive/2025/texmf-dist/tex/generic/iftex/ifvtex.sty
Package: ifvtex 2019/10/25 v1.7 ifvtex legacy package. Use iftex instead.

(/usr/local/texlive/2025/texmf-dist/tex/generic/iftex/iftex.sty
Package: iftex 2024/12/12 v1.0g TeX engine tests
))
\Gm@cnth=\count270
\Gm@cntv=\count271
\c@Gm@tempcnt=\count272
\Gm@bindingoffset=\dimen142
\Gm@wd@mp=\dimen143
\Gm@odd@mp=\dimen144
\Gm@even@mp=\dimen145
\Gm@layoutwidth=\dimen146
\Gm@layoutheight=\dimen147
\Gm@layouthoffset=\dimen148
\Gm@layoutvoffset=\dimen149
\Gm@dimlist=\toks18
)
(/usr/local/texlive/2025/texmf-dist/tex/latex/parskip/parskip.sty
Package: parskip 2021-03-14 v2.0h non-zero parskip adjustments

(/usr/local/texlive/2025/texmf-dist/tex/latex/kvoptions/kvoptions.sty
Package: kvoptions 2022-06-15 v3.15 Key value format for package options (HO)

(/usr/local/texlive/2025/texmf-dist/tex/generic/ltxcmds/ltxcmds.sty
Package: ltxcmds 2023-12-04 v1.26 LaTeX kernel commands for general use (HO)
)
(/usr/local/texlive/2025/texmf-dist/tex/latex/kvsetkeys/kvsetkeys.sty
Package: kvsetkeys 2022-10-05 v1.19 Key value parser (HO)
))
(/usr/local/texlive/2025/texmf-dist/tex/latex/etoolbox/etoolbox.sty
Package: etoolbox 2025/02/11 v2.5l e-TeX tools for LaTeX (JAW)
\etb@tempcnta=\count273
))
(/usr/local/texlive/2025/texmf-dist/tex/latex/titlesec/titlesec.sty
Package: titlesec 2025/01/04 v2.17 Sectioning titles
\ttl@box=\box52
\beforetitleunit=\skip51
\aftertitleunit=\skip52
\ttl@plus=\dimen150
\ttl@minus=\dimen151
\ttl@toksa=\toks19
\titlewidth=\dimen152
\titlewidthlast=\dimen153
\titlewidthfirst=\dimen154
)
(/usr/local/texlive/2025/texmf-dist/tex/latex/hyperref/hyperref.sty
Package: hyperref 2024-11-05 v7.01l Hypertext links for LaTeX

(/usr/local/texlive/2025/texmf-dist/tex/generic/kvdefinekeys/kvdefinekeys.sty
Package: kvdefinekeys 2019-12-19 v1.6 Define keys (HO)
)
(/usr/local/texlive/2025/texmf-dist/tex/generic/pdfescape/pdfescape.sty
Package: pdfescape 2019/12/09 v1.15 Implements pdfTeX's escape features (HO)

(/usr/local/texlive/2025/texmf-dist/tex/generic/pdftexcmds/pdftexcmds.sty
Package: pdftexcmds 2020-06-27 v0.33 Utility functions of pdfTeX for LuaTeX (HO
)

(/usr/local/texlive/2025/texmf-dist/tex/generic/infwarerr/infwarerr.sty
Package: infwarerr 2019/12/03 v1.5 Providing info/warning/error messages (HO)
)
Package pdftexcmds Info: \pdf@primitive is available.
Package pdftexcmds Info: \pdf@ifprimitive is available.
Package pdftexcmds Info: \pdfdraftmode found.
))
(/usr/local/texlive/2025/texmf-dist/tex/latex/hycolor/hycolor.sty
Package: hycolor 2020-01-27 v1.10 Color options for hyperref/bookmark (HO)
)
(/usr/local/texlive/2025/texmf-dist/tex/latex/hyperref/nameref.sty
Package: nameref 2023-11-26 v2.56 Cross-referencing by name of section

(/usr/local/texlive/2025/texmf-dist/tex/latex/refcount/refcount.sty
Package: refcount 2019/12/15 v3.6 Data extraction from label references (HO)
)
(/usr/local/texlive/2025/texmf-dist/tex/generic/gettitlestring/gettitlestring.s
ty
Package: gettitlestring 2019/12/15 v1.6 Cleanup title references (HO)
)
\c@section@level=\count274
) (/usr/local/texlive/2025/texmf-dist/tex/generic/stringenc/stringenc.sty
Package: stringenc 2019/11/29 v1.12 Convert strings between diff. encodings (HO
)
)
\@linkdim=\dimen155
\Hy@linkcounter=\count275
\Hy@pagecounter=\count276

(/usr/local/texlive/2025/texmf-dist/tex/latex/hyperref/pd1enc.def
File: pd1enc.def 2024-11-05 v7.01l Hyperref: PDFDocEncoding definition (HO)
Now handling font encoding PD1 ...
... no UTF-8 mapping file for font encoding PD1
)
(/usr/local/texlive/2025/texmf-dist/tex/generic/intcalc/intcalc.sty
Package: intcalc 2019/12/15 v1.3 Expandable calculations with integers (HO)
)
\Hy@SavedSpaceFactor=\count277

(/usr/local/texlive/2025/texmf-dist/tex/latex/hyperref/puenc.def
File: puenc.def 2024-11-05 v7.01l Hyperref: PDF Unicode definition (HO)
Now handling font encoding PU ...
... no UTF-8 mapping file for font encoding PU
)
Package hyperref Info: Hyper figures OFF on input line 4157.
Package hyperref Info: Link nesting OFF on input line 4162.
Package hyperref Info: Hyper index ON on input line 4165.
Package hyperref Info: Plain pages OFF on input line 4172.
Package hyperref Info: Backreferencing OFF on input line 4177.
Package hyperref Info: Implicit mode ON; LaTeX internals redefined.
Package hyperref Info: Bookmarks ON on input line 4424.
\c@Hy@tempcnt=\count278

(/usr/local/texlive/2025/texmf-dist/tex/latex/url/url.sty
\Urlmuskip=\muskip17
Package: url 2013/09/16  ver 3.4  Verb mode for urls, etc.
)
LaTeX Info: Redefining \url on input line 4763.
\XeTeXLinkMargin=\dimen156

(/usr/local/texlive/2025/texmf-dist/tex/generic/bitset/bitset.sty
Package: bitset 2019/12/09 v1.3 Handle bit-vector datatype (HO)

(/usr/local/texlive/2025/texmf-dist/tex/generic/bigintcalc/bigintcalc.sty
Package: bigintcalc 2019/12/15 v1.5 Expandable calculations on big integers (HO
)
))
\Fld@menulength=\count279
\Field@Width=\dimen157
\Fld@charsize=\dimen158
Package hyperref Info: Hyper figures OFF on input line 6042.
Package hyperref Info: Link nesting OFF on input line 6047.
Package hyperref Info: Hyper index ON on input line 6050.
Package hyperref Info: backreferencing OFF on input line 6057.
Package hyperref Info: Link coloring OFF on input line 6062.
Package hyperref Info: Link coloring with OCG OFF on input line 6067.
Package hyperref Info: PDF/A mode OFF on input line 6072.

(/usr/local/texlive/2025/texmf-dist/tex/latex/base/atbegshi-ltx.sty
Package: atbegshi-ltx 2021/01/10 v1.0c Emulation of the original atbegshi
package with kernel methods
)
\Hy@abspage=\count280
\c@Item=\count281
\c@Hfootnote=\count282
)
Package hyperref Info: Driver (autodetected): hpdftex.

(/usr/local/texlive/2025/texmf-dist/tex/latex/hyperref/hpdftex.def
File: hpdftex.def 2024-11-05 v7.01l Hyperref driver for pdfTeX

(/usr/local/texlive/2025/texmf-dist/tex/latex/base/atveryend-ltx.sty
Package: atveryend-ltx 2020/08/19 v1.0a Emulation of the original atveryend pac
kage
with kernel methods
)
\Fld@listcount=\count283
\c@bookmark@seq@number=\count284

(/usr/local/texlive/2025/texmf-dist/tex/latex/rerunfilecheck/rerunfilecheck.sty
Package: rerunfilecheck 2022-07-10 v1.10 Rerun checks for auxiliary files (HO)

(/usr/local/texlive/2025/texmf-dist/tex/generic/uniquecounter/uniquecounter.sty
Package: uniquecounter 2019/12/15 v1.4 Provide unlimited unique counter (HO)
)
Package uniquecounter Info: New unique counter `rerunfilecheck' on input line 2
85.
)
\Hy@SectionHShift=\skip53
) (/usr/local/texlive/2025/texmf-dist/tex/latex/enumitem/enumitem.sty
Package: enumitem 2025/02/06 v3.11 Customized lists
\labelindent=\skip54
\enit@outerparindent=\dimen159
\enit@toks=\toks20
\enit@inbox=\box53
\enit@count@id=\count285
\enitdp@description=\count286
)
(/usr/local/texlive/2025/texmf-dist/tex/latex/booktabs/booktabs.sty
Package: booktabs 2020/01/12 v1.61803398 Publication quality tables
\heavyrulewidth=\dimen160
\lightrulewidth=\dimen161
\cmidrulewidth=\dimen162
\belowrulesep=\dimen163
\belowbottomsep=\dimen164
\aboverulesep=\dimen165
\abovetopsep=\dimen166
\cmidrulesep=\dimen167
\cmidrulekern=\dimen168
\defaultaddspace=\dimen169
\@cmidla=\count287
\@cmidlb=\count288
\@aboverulesep=\dimen170
\@belowrulesep=\dimen171
\@thisruleclass=\count289
\@lastruleclass=\count290
\@thisrulewidth=\dimen172
)
(/usr/local/texlive/2025/texmf-dist/tex/latex/tools/array.sty
Package: array 2024/10/17 v2.6g Tabular extension package (FMi)
\col@sep=\dimen173
\ar@mcellbox=\box54
\extrarowheight=\dimen174
\NC@list=\toks21
\extratabsurround=\skip55
\backup@length=\skip56
\ar@cellbox=\box55
)
(/usr/local/texlive/2025/texmf-dist/tex/latex/graphics/graphicx.sty
Package: graphicx 2021/09/16 v1.2d Enhanced LaTeX Graphics (DPC,SPQR)

(/usr/local/texlive/2025/texmf-dist/tex/latex/graphics/graphics.sty
Package: graphics 2024/08/06 v1.4g Standard LaTeX Graphics (DPC,SPQR)

(/usr/local/texlive/2025/texmf-dist/tex/latex/graphics/trig.sty
Package: trig 2023/12/02 v1.11 sin cos tan (DPC)
)
(/usr/local/texlive/2025/texmf-dist/tex/latex/graphics-cfg/graphics.cfg
File: graphics.cfg 2016/06/04 v1.11 sample graphics configuration
)
Package graphics Info: Driver file: pdftex.def on input line 106.

(/usr/local/texlive/2025/texmf-dist/tex/latex/graphics-def/pdftex.def
File: pdftex.def 2024/04/13 v1.2c Graphics/color driver for pdftex
))
\Gin@req@height=\dimen175
\Gin@req@width=\dimen176
)
(/usr/local/texlive/2025/texmf-dist/tex/latex/amsmath/amsmath.sty
Package: amsmath 2024/11/05 v2.17t AMS math features
\@mathmargin=\skip57

For additional information on amsmath, use the `?' option.
(/usr/local/texlive/2025/texmf-dist/tex/latex/amsmath/amstext.sty
Package: amstext 2021/08/26 v2.01 AMS text

(/usr/local/texlive/2025/texmf-dist/tex/latex/amsmath/amsgen.sty
File: amsgen.sty 1999/11/30 v2.0 generic functions
\@emptytoks=\toks22
\ex@=\dimen177
))
(/usr/local/texlive/2025/texmf-dist/tex/latex/amsmath/amsbsy.sty
Package: amsbsy 1999/11/29 v1.2d Bold Symbols
\pmbraise@=\dimen178
)
(/usr/local/texlive/2025/texmf-dist/tex/latex/amsmath/amsopn.sty
Package: amsopn 2022/04/08 v2.04 operator names
)
\inf@bad=\count291
LaTeX Info: Redefining \frac on input line 233.
\uproot@=\count292
\leftroot@=\count293
LaTeX Info: Redefining \overline on input line 398.
LaTeX Info: Redefining \colon on input line 409.
\classnum@=\count294
\DOTSCASE@=\count295
LaTeX Info: Redefining \ldots on input line 495.
LaTeX Info: Redefining \dots on input line 498.
LaTeX Info: Redefining \cdots on input line 619.
\Mathstrutbox@=\box56
\strutbox@=\box57
LaTeX Info: Redefining \big on input line 721.
LaTeX Info: Redefining \Big on input line 722.
LaTeX Info: Redefining \bigg on input line 723.
LaTeX Info: Redefining \Bigg on input line 724.
\big@size=\dimen179
LaTeX Font Info:    Redeclaring font encoding OML on input line 742.
LaTeX Font Info:    Redeclaring font encoding OMS on input line 743.
\macc@depth=\count296
LaTeX Info: Redefining \bmod on input line 904.
LaTeX Info: Redefining \pmod on input line 909.
LaTeX Info: Redefining \smash on input line 939.
LaTeX Info: Redefining \relbar on input line 969.
LaTeX Info: Redefining \Relbar on input line 970.
\c@MaxMatrixCols=\count297
\dotsspace@=\muskip18
\c@parentequation=\count298
\dspbrk@lvl=\count299
\tag@help=\toks23
\row@=\count300
\column@=\count301
\maxfields@=\count302
\andhelp@=\toks24
\eqnshift@=\dimen180
\alignsep@=\dimen181
\tagshift@=\dimen182
\tagwidth@=\dimen183
\totwidth@=\dimen184
\lineht@=\dimen185
\@envbody=\toks25
\multlinegap=\skip58
\multlinetaggap=\skip59
\mathdisplay@stack=\toks26
LaTeX Info: Redefining \[ on input line 2953.
LaTeX Info: Redefining \] on input line 2954.
)
(/usr/local/texlive/2025/texmf-dist/tex/latex/l3backend/l3backend-pdftex.def
File: l3backend-pdftex.def 2024-05-08 L3 backend support: PDF output (pdfTeX)
\l__color_backend_stack_int=\count303
\l__pdf_internal_box=\box58
)
(./project_report.aux)
\openout1 = `project_report.aux'.

LaTeX Font Info:    Checking defaults for OML/cmm/m/it on input line 21.
LaTeX Font Info:    ... okay on input line 21.
LaTeX Font Info:    Checking defaults for OMS/cmsy/m/n on input line 21.
LaTeX Font Info:    ... okay on input line 21.
LaTeX Font Info:    Checking defaults for OT1/cmr/m/n on input line 21.
LaTeX Font Info:    ... okay on input line 21.
LaTeX Font Info:    Checking defaults for T1/cmr/m/n on input line 21.
LaTeX Font Info:    ... okay on input line 21.
LaTeX Font Info:    Checking defaults for TS1/cmr/m/n on input line 21.
LaTeX Font Info:    ... okay on input line 21.
LaTeX Font Info:    Checking defaults for OMX/cmex/m/n on input line 21.
LaTeX Font Info:    ... okay on input line 21.
LaTeX Font Info:    Checking defaults for U/cmr/m/n on input line 21.
LaTeX Font Info:    ... okay on input line 21.
LaTeX Font Info:    Checking defaults for PD1/pdf/m/n on input line 21.
LaTeX Font Info:    ... okay on input line 21.
LaTeX Font Info:    Checking defaults for PU/pdf/m/n on input line 21.
LaTeX Font Info:    ... okay on input line 21.

*geometry* driver: auto-detecting
*geometry* detected driver: pdftex
*geometry* verbose mode - [ preamble ] result:
* driver: pdftex
* paper: a4paper
* layout: <same size as paper>
* layoutoffset:(h,v)=(0.0pt,0.0pt)
* modes: 
* h-part:(L,W,R)=(71.13188pt, 455.24411pt, 71.13188pt)
* v-part:(T,H,B)=(71.13188pt, 702.78308pt, 71.13188pt)
* \paperwidth=597.50787pt
* \paperheight=845.04684pt
* \textwidth=455.24411pt
* \textheight=702.78308pt
* \oddsidemargin=-1.1381pt
* \evensidemargin=-1.1381pt
* \topmargin=-38.1381pt
* \headheight=12.0pt
* \headsep=25.0pt
* \topskip=11.0pt
* \footskip=30.0pt
* \marginparwidth=50.0pt
* \marginparsep=10.0pt
* \columnsep=10.0pt
* \skip\footins=10.0pt plus 4.0pt minus 2.0pt
* \hoffset=0.0pt
* \voffset=0.0pt
* \mag=1000
* \@twocolumnfalse
* \@twosidefalse
* \@mparswitchfalse
* \@reversemarginfalse
* (1in=72.27pt=25.4mm, 1cm=28.453pt)

Package hyperref Info: Link coloring OFF on input line 21.
(./project_report.out) (./project_report.out)
\@outlinefile=\write3
\openout3 = `project_report.out'.


(/usr/local/texlive/2025/texmf-dist/tex/context/base/mkii/supp-pdf.mkii
[Loading MPS to PDF converter (version 2006.09.02).]
\scratchcounter=\count304
\scratchdimen=\dimen186
\scratchbox=\box59
\nofMPsegments=\count305
\nofMParguments=\count306
\everyMPshowfont=\toks27
\MPscratchCnt=\count307
\MPscratchDim=\dimen187
\MPnumerator=\count308
\makeMPintoPDFobject=\count309
\everyMPtoPDFconversion=\toks28
) (/usr/local/texlive/2025/texmf-dist/tex/latex/epstopdf-pkg/epstopdf-base.sty
Package: epstopdf-base 2020-01-24 v2.11 Base part for package epstopdf

(/usr/local/texlive/2025/texmf-dist/tex/latex/grfext/grfext.sty
Package: grfext 2019/12/03 v1.3 Manage graphics extensions (HO)
)
Package epstopdf-base Info: Redefining graphics rule for `.eps' on input line 4
85.
Package grfext Info: Graphics extension search list:
(grfext)             [.pdf,.png,.jpg,.mps,.jpeg,.jbig2,.jb2,.PDF,.PNG,.JPG,.JPE
G,.JBIG2,.JB2,.eps]
(grfext)             \AppendGraphicsExtensions on input line 504.

(/usr/local/texlive/2025/texmf-dist/tex/latex/latexconfig/epstopdf-sys.cfg
File: epstopdf-sys.cfg 2010/07/13 v1.3 Configuration of (r)epstopdf for TeX Liv
e
))

[1

{/usr/local/texlive/2025/texmf-var/fonts/map/pdftex/updmap/pdftex.map}{/usr/loc
al/texlive/2025/texmf-dist/fonts/enc/dvips/cm-super/cm-super-ts1.enc}]
Overfull \hbox (3.52345pt too wide) in paragraph at lines 91--94
\OT1/cmr/m/n/10.95 Three qual-ity met-rics were com-puted per cell: \OT1/cmr/bx
/n/10.95 nFea-ture[]RNA \OT1/cmr/m/n/10.95 (genes de-tected), \OT1/cmr/bx/n/10.
95 nCount[]RNA
 []

<plots/phase1/phase1_step08_violin_qc_metrics.png, id=150, 794.97pt x 289.08pt>

File: plots/phase1/phase1_step08_violin_qc_metrics.png Graphic file (type png)
<use plots/phase1/phase1_step08_violin_qc_metrics.png>
Package pdftex.def Info: plots/phase1/phase1_step08_violin_qc_metrics.png  used
 on input line 96.
(pdftex.def)             Requested size: 455.24411pt x 165.54922pt.

Overfull \hbox (11.16907pt too wide) in paragraph at lines 106--108
[]\OT1/cmr/m/n/10.95 Cells were fil-tered us-ing five thresh-olds: nFea-ture[]R
NA $\OMS/cmsy/m/n/10.95 2 \OT1/cmr/m/n/10.95 [500\OML/cmm/m/it/10.95 ; \OT1/cmr
/m/n/10.95 6000]$, nCount[]RNA $\OMS/cmsy/m/n/10.95 2 \OT1/cmr/m/n/10.95 [1000\
OML/cmm/m/it/10.95 ; \OT1/cmr/m/n/10.95 40000]$,
 []

<plots/phase1/phase1_step11_before_after_filtering.png, id=152, 794.97pt x 578.
16pt>
File: plots/phase1/phase1_step11_before_after_filtering.png Graphic file (type 
png)
<use plots/phase1/phase1_step11_before_after_filtering.png>
Package pdftex.def Info: plots/phase1/phase1_step11_before_after_filtering.png 
 used on input line 110.
(pdftex.def)             Requested size: 455.24411pt x 331.09846pt.


[2 <./plots/phase1/phase1_step08_violin_qc_metrics.png>]
<plots/phase2/phase2_step06_elbow_plot.png, id=167, 578.16pt x 361.35pt>
File: plots/phase2/phase2_step06_elbow_plot.png Graphic file (type png)
<use plots/phase2/phase2_step06_elbow_plot.png>
Package pdftex.def Info: plots/phase2/phase2_step06_elbow_plot.png  used on inp
ut line 141.
(pdftex.def)             Requested size: 386.96027pt x 241.84961pt.


[3 <./plots/phase1/phase1_step11_before_after_filtering.png>]
<plots/phase2/phase2_step07_umap.png, id=172, 578.16pt x 433.62pt>
File: plots/phase2/phase2_step07_umap.png Graphic file (type png)
<use plots/phase2/phase2_step07_umap.png>
Package pdftex.def Info: plots/phase2/phase2_step07_umap.png  used on input lin
e 153.
(pdftex.def)             Requested size: 386.96027pt x 290.21953pt.


[4 <./plots/phase2/phase2_step06_elbow_plot.png> <./plots/phase2/phase2_step07_
umap.png>]
Overfull \hbox (5.2294pt too wide) in paragraph at lines 171--175
[]\OT1/cmr/m/n/10.95 Resolution 0.5 yielded \OT1/cmr/bx/n/10.95 23 clus-ters \O
T1/cmr/m/n/10.95 | the best bal-ance be-tween cap-tur-ing dis-tinct sub-populat
ions
 []

<plots/phase3/phase3_step07a_umap_clusters_final.png, id=180, 722.7pt x 505.89p
t>
File: plots/phase3/phase3_step07a_umap_clusters_final.png Graphic file (type pn
g)
<use plots/phase3/phase3_step07a_umap_clusters_final.png>
Package pdftex.def Info: plots/phase3/phase3_step07a_umap_clusters_final.png  u
sed on input line 177.
(pdftex.def)             Requested size: 409.71692pt x 286.801pt.
<plots/phase3/phase3_step08e_dotplot_markers.png, id=181, 867.24pt x 433.62pt>
File: plots/phase3/phase3_step08e_dotplot_markers.png Graphic file (type png)
<use plots/phase3/phase3_step08e_dotplot_markers.png>
Package pdftex.def Info: plots/phase3/phase3_step08e_dotplot_markers.png  used 
on input line 186.
(pdftex.def)             Requested size: 455.24411pt x 227.62082pt.


[5 <./plots/phase3/phase3_step07a_umap_clusters_final.png>]
<plots/phase3/phase3_step09c_umap_singler.png, id=187, 867.24pt x 505.89pt>
File: plots/phase3/phase3_step09c_umap_singler.png Graphic file (type png)
<use plots/phase3/phase3_step09c_umap_singler.png>
Package pdftex.def Info: plots/phase3/phase3_step09c_umap_singler.png  used on 
input line 206.
(pdftex.def)             Requested size: 432.48051pt x 252.28052pt.


[6 <./plots/phase3/phase3_step08e_dotplot_markers.png> <./plots/phase3/phase3_s
tep09c_umap_singler.png>]
Overfull \hbox (51.80498pt too wide) in paragraph at lines 217--222
\OT1/cmr/m/n/10.95 active mono-cytes (clus-ter 7), ISG-high interferon-stimulat
ed mono-cytes (clus-ter 10), and CCL2$[]$/CXCL10$[]$
 []


Package hyperref Warning: Token not allowed in a PDF string (Unicode):
(hyperref)                removing `math shift' on input line 224.


Package hyperref Warning: Token not allowed in a PDF string (Unicode):
(hyperref)                removing `superscript' on input line 224.


Package hyperref Warning: Token not allowed in a PDF string (Unicode):
(hyperref)                removing `math shift' on input line 224.

<plots/phase4/phase4_umap_split_severity.png, id=195, 1156.32pt x 361.35pt>
File: plots/phase4/phase4_umap_split_severity.png Graphic file (type png)
<use plots/phase4/phase4_umap_split_severity.png>
Package pdftex.def Info: plots/phase4/phase4_umap_split_severity.png  used on i
nput line 237.
(pdftex.def)             Requested size: 455.24411pt x 142.26025pt.
<plots/phase4/phase4_composition_barplot.png, id=196, 722.7pt x 433.62pt>
File: plots/phase4/phase4_composition_barplot.png Graphic file (type png)
<use plots/phase4/phase4_composition_barplot.png>
Package pdftex.def Info: plots/phase4/phase4_composition_barplot.png  used on i
nput line 246.
(pdftex.def)             Requested size: 409.71692pt x 245.82944pt.


[7 <./plots/phase4/phase4_umap_split_severity.png>]
Overfull \hbox (8.42711pt too wide) in paragraph at lines 256--258
\OT1/cmr/m/n/10.95 All 21,385 mono-cytes were sub-set and scored for two gene m
od-ules us-ing Seu-rat's \OT1/cmtt/m/n/10.95 AddModuleScore\OT1/cmr/m/n/10.95 :
 
 []

<plots/phase4/phase4_coactivation_scatter.png, id=203, 867.24pt x 578.16pt>
File: plots/phase4/phase4_coactivation_scatter.png Graphic file (type png)
<use plots/phase4/phase4_coactivation_scatter.png>
Package pdftex.def Info: plots/phase4/phase4_coactivation_scatter.png  used on 
input line 266.
(pdftex.def)             Requested size: 455.24411pt x 303.49443pt.


[8 <./plots/phase4/phase4_composition_barplot.png>]
<plots/phase4/phase4_donor_boxplots.png, id=208, 1011.78pt x 361.35pt>
File: plots/phase4/phase4_donor_boxplots.png Graphic file (type png)
<use plots/phase4/phase4_donor_boxplots.png>
Package pdftex.def Info: plots/phase4/phase4_donor_boxplots.png  used on input 
line 291.
(pdftex.def)             Requested size: 455.24411pt x 162.58945pt.


[9 <./plots/phase4/phase4_coactivation_scatter.png>]
<plots/phase4/phase4_volcano_monocyte_DE.png, id=213, 722.7pt x 578.16pt>
File: plots/phase4/phase4_volcano_monocyte_DE.png Graphic file (type png)
<use plots/phase4/phase4_volcano_monocyte_DE.png>
Package pdftex.def Info: plots/phase4/phase4_volcano_monocyte_DE.png  used on i
nput line 310.
(pdftex.def)             Requested size: 432.48051pt x 345.98119pt.


[10 <./plots/phase4/phase4_donor_boxplots.png>]
<plots/phase5/phase5_umap_overview.png, id=218, 1011.78pt x 361.35pt>
File: plots/phase5/phase5_umap_overview.png Graphic file (type png)
<use plots/phase5/phase5_umap_overview.png>
Package pdftex.def Info: plots/phase5/phase5_umap_overview.png  used on input l
ine 334.
(pdftex.def)             Requested size: 455.24411pt x 162.58945pt.


[11 <./plots/phase4/phase4_volcano_monocyte_DE.png>]
<plots/phase5/phase5_coactivation_scatter.png, id=223, 867.24pt x 433.62pt>
File: plots/phase5/phase5_coactivation_scatter.png Graphic file (type png)
<use plots/phase5/phase5_coactivation_scatter.png>
Package pdftex.def Info: plots/phase5/phase5_coactivation_scatter.png  used on 
input line 349.
(pdftex.def)             Requested size: 455.24411pt x 227.62082pt.
<plots/phase5/phase5_longitudinal_dynamics.png, id=224, 867.24pt x 361.35pt>
File: plots/phase5/phase5_longitudinal_dynamics.png Graphic file (type png)
<use plots/phase5/phase5_longitudinal_dynamics.png>
Package pdftex.def Info: plots/phase5/phase5_longitudinal_dynamics.png  used on
 input line 360.
(pdftex.def)             Requested size: 455.24411pt x 189.68402pt.


[12 <./plots/phase5/phase5_umap_overview.png> <./plots/phase5/phase5_coactivati
on_scatter.png>]
<plots/phase6/phase6_09_composition_barplot.png, id=229, 722.7pt x 433.62pt>
File: plots/phase6/phase6_09_composition_barplot.png Graphic file (type png)
<use plots/phase6/phase6_09_composition_barplot.png>
Package pdftex.def Info: plots/phase6/phase6_09_composition_barplot.png  used o
n input line 389.
(pdftex.def)             Requested size: 386.96027pt x 232.1796pt.


[13 <./plots/phase5/phase5_longitudinal_dynamics.png>]
<plots/phase6/phase6_06_donor_coactivation_boxplot.png, id=235, 578.16pt x 433.
62pt>
File: plots/phase6/phase6_06_donor_coactivation_boxplot.png Graphic file (type 
png)
<use plots/phase6/phase6_06_donor_coactivation_boxplot.png>
Package pdftex.def Info: plots/phase6/phase6_06_donor_coactivation_boxplot.png 
 used on input line 400.
(pdftex.def)             Requested size: 386.96027pt x 290.21953pt.


[14 <./plots/phase6/phase6_09_composition_barplot.png> <./plots/phase6/phase6_0
6_donor_coactivation_boxplot.png>]
<plots/phase7/phase7_library_sizes.png, id=240, 722.7pt x 361.35pt>
File: plots/phase7/phase7_library_sizes.png Graphic file (type png)
<use plots/phase7/phase7_library_sizes.png>
Package pdftex.def Info: plots/phase7/phase7_library_sizes.png  used on input l
ine 427.
(pdftex.def)             Requested size: 455.24411pt x 227.62413pt.
<plots/phase7/phase7_gender_balance.png, id=241, 578.16pt x 361.35pt>
File: plots/phase7/phase7_gender_balance.png Graphic file (type png)
<use plots/phase7/phase7_gender_balance.png>
Package pdftex.def Info: plots/phase7/phase7_gender_balance.png  used on input 
line 435.
(pdftex.def)             Requested size: 327.7763pt x 204.85786pt.


[15 <./plots/phase7/phase7_library_sizes.png> <./plots/phase7/phase7_gender_bal
ance.png>]
<plots/phase10/phase10_volcano.png, id=246, 867.24pt x 650.43pt>
File: plots/phase10/phase10_volcano.png Graphic file (type png)
<use plots/phase10/phase10_volcano.png>
Package pdftex.def Info: plots/phase10/phase10_volcano.png  used on input line 
455.
(pdftex.def)             Requested size: 455.24411pt x 341.43124pt.
<plots/phase8/phase8_key_gene_boxplots.png, id=247, 1011.78pt x 361.35pt>
File: plots/phase8/phase8_key_gene_boxplots.png Graphic file (type png)
<use plots/phase8/phase8_key_gene_boxplots.png>
Package pdftex.def Info: plots/phase8/phase8_key_gene_boxplots.png  used on inp
ut line 474.
(pdftex.def)             Requested size: 455.24411pt x 162.58945pt.


[16 <./plots/phase10/phase10_volcano.png>]
<plots/phase9/phase9_lfc_correlation.png, id=252, 578.16pt x 578.16pt>
File: plots/phase9/phase9_lfc_correlation.png Graphic file (type png)
<use plots/phase9/phase9_lfc_correlation.png>
Package pdftex.def Info: plots/phase9/phase9_lfc_correlation.png  used on input
 line 497.
(pdftex.def)             Requested size: 373.3035pt x 373.30292pt.


[17 <./plots/phase8/phase8_key_gene_boxplots.png>]
<plots/phase10/phase10_ISG_panel.png, id=257, 1011.78pt x 361.35pt>
File: plots/phase10/phase10_ISG_panel.png Graphic file (type png)
<use plots/phase10/phase10_ISG_panel.png>
Package pdftex.def Info: plots/phase10/phase10_ISG_panel.png  used on input lin
e 515.
(pdftex.def)             Requested size: 455.24411pt x 162.58945pt.


[18 <./plots/phase9/phase9_lfc_correlation.png> <./plots/phase10/phase10_ISG_pa
nel.png>]
<plots/phase10/phase10_TNF_IL1_panel.png, id=262, 1011.78pt x 361.35pt>
File: plots/phase10/phase10_TNF_IL1_panel.png Graphic file (type png)
<use plots/phase10/phase10_TNF_IL1_panel.png>
Package pdftex.def Info: plots/phase10/phase10_TNF_IL1_panel.png  used on input
 line 522.
(pdftex.def)             Requested size: 455.24411pt x 162.58945pt.
<plots/phase11/phase11_PCA_severity.png, id=263, 650.43pt x 505.89pt>
File: plots/phase11/phase11_PCA_severity.png Graphic file (type png)
<use plots/phase11/phase11_PCA_severity.png>
Package pdftex.def Info: plots/phase11/phase11_PCA_severity.png  used on input 
line 544.
(pdftex.def)             Requested size: 400.61703pt x 311.59523pt.


[19 <./plots/phase10/phase10_TNF_IL1_panel.png> <./plots/phase11/phase11_PCA_se
verity.png>]
<plots/phase11/phase11_hierarchical_clustering.png, id=269, 867.24pt x 433.62pt
>
File: plots/phase11/phase11_hierarchical_clustering.png Graphic file (type png)

<use plots/phase11/phase11_hierarchical_clustering.png>
Package pdftex.def Info: plots/phase11/phase11_hierarchical_clustering.png  use
d on input line 553.
(pdftex.def)             Requested size: 455.24411pt x 227.62082pt.
<plots/phase12/phase12_hallmark_dotplot.png, id=270, 939.51pt x 578.16pt>
File: plots/phase12/phase12_hallmark_dotplot.png Graphic file (type png)
<use plots/phase12/phase12_hallmark_dotplot.png>
Package pdftex.def Info: plots/phase12/phase12_hallmark_dotplot.png  used on in
put line 576.
(pdftex.def)             Requested size: 418.82375pt x 257.73473pt.


[20 <./plots/phase11/phase11_hierarchical_clustering.png (PNG copy)>]
<plots/phase12/phase12_gsea_TNF_NFKB.png, id=275, 722.7pt x 433.62pt>
File: plots/phase12/phase12_gsea_TNF_NFKB.png Graphic file (type png)
<use plots/phase12/phase12_gsea_TNF_NFKB.png>
Package pdftex.def Info: plots/phase12/phase12_gsea_TNF_NFKB.png  used on input
 line 593.
(pdftex.def)             Requested size: 400.61703pt x 240.37082pt.


[21 <./plots/phase12/phase12_hallmark_dotplot.png> <./plots/phase12/phase12_gse
a_TNF_NFKB.png>]
<plots/phase13/phase13_coactivation_scatter_GSE152418.png, id=282, 578.16pt x 5
05.89pt>
File: plots/phase13/phase13_coactivation_scatter_GSE152418.png Graphic file (ty
pe png)
<use plots/phase13/phase13_coactivation_scatter_GSE152418.png>
Package pdftex.def Info: plots/phase13/phase13_coactivation_scatter_GSE152418.p
ng  used on input line 619.
(pdftex.def)             Requested size: 373.3035pt x 326.64005pt.


[22 <./plots/phase13/phase13_coactivation_scatter_GSE152418.png>]
Overfull \hbox (2.93152pt too wide) in paragraph at lines 668--671
\OT1/cmr/m/n/10.95 in Mild COVID; TNF/IL-1$\OML/cmm/m/it/10.95 ^^L$ \OT1/cmr/m/
n/10.95 dom-i-nates Se-vere. The worst out-comes are linked to unchecked
 []


Overfull \hbox (16.78146pt too wide) in paragraph at lines 677--680
\OT1/cmr/m/n/10.95 and CXCL8 gained while HLA-DQ and KLF2 are lost. Mono-cytes 
be-come hyper-inflammatory
 []



[23] (./project_report.aux)
 ***********
LaTeX2e <2024-11-01> patch level 2
L3 programming layer <2025-01-18>
 ***********
Package rerunfilecheck Info: File `project_report.out' has not changed.
(rerunfilecheck)             Checksum: 2275F36E319C0F5D6E7FC3B075251DE9;7501.
 ) 
Here is how much of TeX's memory you used:
 10783 strings out of 473190
 173245 string characters out of 5715800
 577792 words of memory out of 5000000
 33843 multiletter control sequences out of 15000+600000
 565822 words of font info for 60 fonts, out of 8000000 for 9000
 1141 hyphenation exceptions out of 8191
 69i,6n,79p,1203b,564s stack positions out of 10000i,1000n,20000p,200000b,200000s
</usr/local/texlive/2025/texmf-dist/fonts/type1/public/amsfonts/cm/cmbx10.pfb
></usr/local/texlive/2025/texmf-dist/fonts/type1/public/amsfonts/cm/cmbx12.pfb>
</usr/local/texlive/2025/texmf-dist/fonts/type1/public/amsfonts/cm/cmbxti10.pfb
></usr/local/texlive/2025/texmf-dist/fonts/type1/public/amsfonts/cm/cmmi10.pfb>
</usr/local/texlive/2025/texmf-dist/fonts/type1/public/amsfonts/cm/cmr10.pfb></
usr/local/texlive/2025/texmf-dist/fonts/type1/public/amsfonts/cm/cmr12.pfb></us
r/local/texlive/2025/texmf-dist/fonts/type1/public/amsfonts/cm/cmr8.pfb></usr/l
ocal/texlive/2025/texmf-dist/fonts/type1/public/amsfonts/cm/cmsy10.pfb></usr/lo
cal/texlive/2025/texmf-dist/fonts/type1/public/amsfonts/cm/cmsy8.pfb></usr/loca
l/texlive/2025/texmf-dist/fonts/type1/public/amsfonts/cm/cmti10.pfb></usr/local
/texlive/2025/texmf-dist/fonts/type1/public/amsfonts/cm/cmtt10.pfb></usr/local/
texlive/2025/texmf-dist/fonts/type1/public/cm-super/sfrm1095.pfb>
Output written on project_report.pdf (23 pages, 9393504 bytes).
PDF statistics:
 370 PDF objects out of 1000 (max. 8388607)
 281 compressed objects within 3 object streams
 75 named destinations out of 1000 (max. 500000)
 402 words of extra memory for PDF output out of 10000 (max. 10000000)

