This is pdfTeX, Version 3.141592653-2.6-1.40.27 (TeX Live 2025) (preloaded format=pdflatex 2025.4.27)  9 APR 2026 13:48
entering extended mode
 restricted \write18 enabled.
 %&-line parsing enabled.
**project_overview.tex
(./project_overview.tex
LaTeX2e <2024-11-01> patch level 2
L3 programming layer <2025-01-18>
(/usr/local/texlive/2025/texmf-dist/tex/latex/base/article.cls
Document Class: article 2024/06/29 v1.4n Standard LaTeX document class
(/usr/local/texlive/2025/texmf-dist/tex/latex/base/size11.clo
File: size11.clo 2024/06/29 v1.4n Standard LaTeX file (size option)
)
\c@part=\count196
\c@section=\count197
\c@subsection=\count198
\c@subsubsection=\count199
\c@paragraph=\count266
\c@subparagraph=\count267
\c@figure=\count268
\c@table=\count269
\abovecaptionskip=\skip49
\belowcaptionskip=\skip50
\bibindent=\dimen141
)
(/usr/local/texlive/2025/texmf-dist/tex/latex/geometry/geometry.sty
Package: geometry 2020/01/02 v5.9 Page Geometry

(/usr/local/texlive/2025/texmf-dist/tex/latex/graphics/keyval.sty
Package: keyval 2022/05/29 v1.15 key=value parser (DPC)
\KV@toks@=\toks17
)
(/usr/local/texlive/2025/texmf-dist/tex/generic/iftex/ifvtex.sty
Package: ifvtex 2019/10/25 v1.7 ifvtex legacy package. Use iftex instead.

(/usr/local/texlive/2025/texmf-dist/tex/generic/iftex/iftex.sty
Package: iftex 2024/12/12 v1.0g TeX engine tests
))
\Gm@cnth=\count270
\Gm@cntv=\count271
\c@Gm@tempcnt=\count272
\Gm@bindingoffset=\dimen142
\Gm@wd@mp=\dimen143
\Gm@odd@mp=\dimen144
\Gm@even@mp=\dimen145
\Gm@layoutwidth=\dimen146
\Gm@layoutheight=\dimen147
\Gm@layouthoffset=\dimen148
\Gm@layoutvoffset=\dimen149
\Gm@dimlist=\toks18
)
(/usr/local/texlive/2025/texmf-dist/tex/latex/parskip/parskip.sty
Package: parskip 2021-03-14 v2.0h non-zero parskip adjustments

(/usr/local/texlive/2025/texmf-dist/tex/latex/kvoptions/kvoptions.sty
Package: kvoptions 2022-06-15 v3.15 Key value format for package options (HO)

(/usr/local/texlive/2025/texmf-dist/tex/generic/ltxcmds/ltxcmds.sty
Package: ltxcmds 2023-12-04 v1.26 LaTeX kernel commands for general use (HO)
)
(/usr/local/texlive/2025/texmf-dist/tex/latex/kvsetkeys/kvsetkeys.sty
Package: kvsetkeys 2022-10-05 v1.19 Key value parser (HO)
))
(/usr/local/texlive/2025/texmf-dist/tex/latex/etoolbox/etoolbox.sty
Package: etoolbox 2025/02/11 v2.5l e-TeX tools for LaTeX (JAW)
\etb@tempcnta=\count273
))
(/usr/local/texlive/2025/texmf-dist/tex/latex/titlesec/titlesec.sty
Package: titlesec 2025/01/04 v2.17 Sectioning titles
\ttl@box=\box52
\beforetitleunit=\skip51
\aftertitleunit=\skip52
\ttl@plus=\dimen150
\ttl@minus=\dimen151
\ttl@toksa=\toks19
\titlewidth=\dimen152
\titlewidthlast=\dimen153
\titlewidthfirst=\dimen154
)
(/usr/local/texlive/2025/texmf-dist/tex/latex/hyperref/hyperref.sty
Package: hyperref 2024-11-05 v7.01l Hypertext links for LaTeX

(/usr/local/texlive/2025/texmf-dist/tex/generic/kvdefinekeys/kvdefinekeys.sty
Package: kvdefinekeys 2019-12-19 v1.6 Define keys (HO)
)
(/usr/local/texlive/2025/texmf-dist/tex/generic/pdfescape/pdfescape.sty
Package: pdfescape 2019/12/09 v1.15 Implements pdfTeX's escape features (HO)

(/usr/local/texlive/2025/texmf-dist/tex/generic/pdftexcmds/pdftexcmds.sty
Package: pdftexcmds 2020-06-27 v0.33 Utility functions of pdfTeX for LuaTeX (HO
)

(/usr/local/texlive/2025/texmf-dist/tex/generic/infwarerr/infwarerr.sty
Package: infwarerr 2019/12/03 v1.5 Providing info/warning/error messages (HO)
)
Package pdftexcmds Info: \pdf@primitive is available.
Package pdftexcmds Info: \pdf@ifprimitive is available.
Package pdftexcmds Info: \pdfdraftmode found.
))
(/usr/local/texlive/2025/texmf-dist/tex/latex/hycolor/hycolor.sty
Package: hycolor 2020-01-27 v1.10 Color options for hyperref/bookmark (HO)
)
(/usr/local/texlive/2025/texmf-dist/tex/latex/hyperref/nameref.sty
Package: nameref 2023-11-26 v2.56 Cross-referencing by name of section

(/usr/local/texlive/2025/texmf-dist/tex/latex/refcount/refcount.sty
Package: refcount 2019/12/15 v3.6 Data extraction from label references (HO)
)
(/usr/local/texlive/2025/texmf-dist/tex/generic/gettitlestring/gettitlestring.s
ty
Package: gettitlestring 2019/12/15 v1.6 Cleanup title references (HO)
)
\c@section@level=\count274
) (/usr/local/texlive/2025/texmf-dist/tex/generic/stringenc/stringenc.sty
Package: stringenc 2019/11/29 v1.12 Convert strings between diff. encodings (HO
)
)
\@linkdim=\dimen155
\Hy@linkcounter=\count275
\Hy@pagecounter=\count276

(/usr/local/texlive/2025/texmf-dist/tex/latex/hyperref/pd1enc.def
File: pd1enc.def 2024-11-05 v7.01l Hyperref: PDFDocEncoding definition (HO)
Now handling font encoding PD1 ...
... no UTF-8 mapping file for font encoding PD1
)
(/usr/local/texlive/2025/texmf-dist/tex/generic/intcalc/intcalc.sty
Package: intcalc 2019/12/15 v1.3 Expandable calculations with integers (HO)
)
\Hy@SavedSpaceFactor=\count277

(/usr/local/texlive/2025/texmf-dist/tex/latex/hyperref/puenc.def
File: puenc.def 2024-11-05 v7.01l Hyperref: PDF Unicode definition (HO)
Now handling font encoding PU ...
... no UTF-8 mapping file for font encoding PU
)
Package hyperref Info: Hyper figures OFF on input line 4157.
Package hyperref Info: Link nesting OFF on input line 4162.
Package hyperref Info: Hyper index ON on input line 4165.
Package hyperref Info: Plain pages OFF on input line 4172.
Package hyperref Info: Backreferencing OFF on input line 4177.
Package hyperref Info: Implicit mode ON; LaTeX internals redefined.
Package hyperref Info: Bookmarks ON on input line 4424.
\c@Hy@tempcnt=\count278

(/usr/local/texlive/2025/texmf-dist/tex/latex/url/url.sty
\Urlmuskip=\muskip17
Package: url 2013/09/16  ver 3.4  Verb mode for urls, etc.
)
LaTeX Info: Redefining \url on input line 4763.
\XeTeXLinkMargin=\dimen156

(/usr/local/texlive/2025/texmf-dist/tex/generic/bitset/bitset.sty
Package: bitset 2019/12/09 v1.3 Handle bit-vector datatype (HO)

(/usr/local/texlive/2025/texmf-dist/tex/generic/bigintcalc/bigintcalc.sty
Package: bigintcalc 2019/12/15 v1.5 Expandable calculations on big integers (HO
)
))
\Fld@menulength=\count279
\Field@Width=\dimen157
\Fld@charsize=\dimen158
Package hyperref Info: Hyper figures OFF on input line 6042.
Package hyperref Info: Link nesting OFF on input line 6047.
Package hyperref Info: Hyper index ON on input line 6050.
Package hyperref Info: backreferencing OFF on input line 6057.
Package hyperref Info: Link coloring OFF on input line 6062.
Package hyperref Info: Link coloring with OCG OFF on input line 6067.
Package hyperref Info: PDF/A mode OFF on input line 6072.

(/usr/local/texlive/2025/texmf-dist/tex/latex/base/atbegshi-ltx.sty
Package: atbegshi-ltx 2021/01/10 v1.0c Emulation of the original atbegshi
package with kernel methods
)
\Hy@abspage=\count280
\c@Item=\count281
\c@Hfootnote=\count282
)
Package hyperref Info: Driver (autodetected): hpdftex.

(/usr/local/texlive/2025/texmf-dist/tex/latex/hyperref/hpdftex.def
File: hpdftex.def 2024-11-05 v7.01l Hyperref driver for pdfTeX

(/usr/local/texlive/2025/texmf-dist/tex/latex/base/atveryend-ltx.sty
Package: atveryend-ltx 2020/08/19 v1.0a Emulation of the original atveryend pac
kage
with kernel methods
)
\Fld@listcount=\count283
\c@bookmark@seq@number=\count284

(/usr/local/texlive/2025/texmf-dist/tex/latex/rerunfilecheck/rerunfilecheck.sty
Package: rerunfilecheck 2022-07-10 v1.10 Rerun checks for auxiliary files (HO)

(/usr/local/texlive/2025/texmf-dist/tex/generic/uniquecounter/uniquecounter.sty
Package: uniquecounter 2019/12/15 v1.4 Provide unlimited unique counter (HO)
)
Package uniquecounter Info: New unique counter `rerunfilecheck' on input line 2
85.
)
\Hy@SectionHShift=\skip53
) (/usr/local/texlive/2025/texmf-dist/tex/latex/enumitem/enumitem.sty
Package: enumitem 2025/02/06 v3.11 Customized lists
\labelindent=\skip54
\enit@outerparindent=\dimen159
\enit@toks=\toks20
\enit@inbox=\box53
\enit@count@id=\count285
\enitdp@description=\count286
)
(/usr/local/texlive/2025/texmf-dist/tex/latex/booktabs/booktabs.sty
Package: booktabs 2020/01/12 v1.61803398 Publication quality tables
\heavyrulewidth=\dimen160
\lightrulewidth=\dimen161
\cmidrulewidth=\dimen162
\belowrulesep=\dimen163
\belowbottomsep=\dimen164
\aboverulesep=\dimen165
\abovetopsep=\dimen166
\cmidrulesep=\dimen167
\cmidrulekern=\dimen168
\defaultaddspace=\dimen169
\@cmidla=\count287
\@cmidlb=\count288
\@aboverulesep=\dimen170
\@belowrulesep=\dimen171
\@thisruleclass=\count289
\@lastruleclass=\count290
\@thisrulewidth=\dimen172
)
(/usr/local/texlive/2025/texmf-dist/tex/latex/tools/array.sty
Package: array 2024/10/17 v2.6g Tabular extension package (FMi)
\col@sep=\dimen173
\ar@mcellbox=\box54
\extrarowheight=\dimen174
\NC@list=\toks21
\extratabsurround=\skip55
\backup@length=\skip56
\ar@cellbox=\box55
)
(/usr/local/texlive/2025/texmf-dist/tex/latex/graphics/graphicx.sty
Package: graphicx 2021/09/16 v1.2d Enhanced LaTeX Graphics (DPC,SPQR)

(/usr/local/texlive/2025/texmf-dist/tex/latex/graphics/graphics.sty
Package: graphics 2024/08/06 v1.4g Standard LaTeX Graphics (DPC,SPQR)

(/usr/local/texlive/2025/texmf-dist/tex/latex/graphics/trig.sty
Package: trig 2023/12/02 v1.11 sin cos tan (DPC)
)
(/usr/local/texlive/2025/texmf-dist/tex/latex/graphics-cfg/graphics.cfg
File: graphics.cfg 2016/06/04 v1.11 sample graphics configuration
)
Package graphics Info: Driver file: pdftex.def on input line 106.

(/usr/local/texlive/2025/texmf-dist/tex/latex/graphics-def/pdftex.def
File: pdftex.def 2024/04/13 v1.2c Graphics/color driver for pdftex
))
\Gin@req@height=\dimen175
\Gin@req@width=\dimen176
)
(/usr/local/texlive/2025/texmf-dist/tex/latex/l3backend/l3backend-pdftex.def
File: l3backend-pdftex.def 2024-05-08 L3 backend support: PDF output (pdfTeX)
\l__color_backend_stack_int=\count291
\l__pdf_internal_box=\box56
)
(./project_overview.aux)
\openout1 = `project_overview.aux'.

LaTeX Font Info:    Checking defaults for OML/cmm/m/it on input line 20.
LaTeX Font Info:    ... okay on input line 20.
LaTeX Font Info:    Checking defaults for OMS/cmsy/m/n on input line 20.
LaTeX Font Info:    ... okay on input line 20.
LaTeX Font Info:    Checking defaults for OT1/cmr/m/n on input line 20.
LaTeX Font Info:    ... okay on input line 20.
LaTeX Font Info:    Checking defaults for T1/cmr/m/n on input line 20.
LaTeX Font Info:    ... okay on input line 20.
LaTeX Font Info:    Checking defaults for TS1/cmr/m/n on input line 20.
LaTeX Font Info:    ... okay on input line 20.
LaTeX Font Info:    Checking defaults for OMX/cmex/m/n on input line 20.
LaTeX Font Info:    ... okay on input line 20.
LaTeX Font Info:    Checking defaults for U/cmr/m/n on input line 20.
LaTeX Font Info:    ... okay on input line 20.
LaTeX Font Info:    Checking defaults for PD1/pdf/m/n on input line 20.
LaTeX Font Info:    ... okay on input line 20.
LaTeX Font Info:    Checking defaults for PU/pdf/m/n on input line 20.
LaTeX Font Info:    ... okay on input line 20.

*geometry* driver: auto-detecting
*geometry* detected driver: pdftex
*geometry* verbose mode - [ preamble ] result:
* driver: pdftex
* paper: a4paper
* layout: <same size as paper>
* layoutoffset:(h,v)=(0.0pt,0.0pt)
* modes: 
* h-part:(L,W,R)=(71.13188pt, 455.24411pt, 71.13188pt)
* v-part:(T,H,B)=(71.13188pt, 702.78308pt, 71.13188pt)
* \paperwidth=597.50787pt
* \paperheight=845.04684pt
* \textwidth=455.24411pt
* \textheight=702.78308pt
* \oddsidemargin=-1.1381pt
* \evensidemargin=-1.1381pt
* \topmargin=-38.1381pt
* \headheight=12.0pt
* \headsep=25.0pt
* \topskip=11.0pt
* \footskip=30.0pt
* \marginparwidth=50.0pt
* \marginparsep=10.0pt
* \columnsep=10.0pt
* \skip\footins=10.0pt plus 4.0pt minus 2.0pt
* \hoffset=0.0pt
* \voffset=0.0pt
* \mag=1000
* \@twocolumnfalse
* \@twosidefalse
* \@mparswitchfalse
* \@reversemarginfalse
* (1in=72.27pt=25.4mm, 1cm=28.453pt)

Package hyperref Info: Link coloring OFF on input line 20.
(./project_overview.out) (./project_overview.out)
\@outlinefile=\write3
\openout3 = `project_overview.out'.


(/usr/local/texlive/2025/texmf-dist/tex/context/base/mkii/supp-pdf.mkii
[Loading MPS to PDF converter (version 2006.09.02).]
\scratchcounter=\count292
\scratchdimen=\dimen177
\scratchbox=\box57
\nofMPsegments=\count293
\nofMParguments=\count294
\everyMPshowfont=\toks22
\MPscratchCnt=\count295
\MPscratchDim=\dimen178
\MPnumerator=\count296
\makeMPintoPDFobject=\count297
\everyMPtoPDFconversion=\toks23
) (/usr/local/texlive/2025/texmf-dist/tex/latex/epstopdf-pkg/epstopdf-base.sty
Package: epstopdf-base 2020-01-24 v2.11 Base part for package epstopdf
Package epstopdf-base Info: Redefining graphics rule for `.eps' on input line 4
85.

(/usr/local/texlive/2025/texmf-dist/tex/latex/latexconfig/epstopdf-sys.cfg
File: epstopdf-sys.cfg 2010/07/13 v1.3 Configuration of (r)epstopdf for TeX Liv
e
))
LaTeX Font Info:    External font `cmex10' loaded for size
(Font)              <12> on input line 22.
LaTeX Font Info:    External font `cmex10' loaded for size
(Font)              <8> on input line 22.
LaTeX Font Info:    External font `cmex10' loaded for size
(Font)              <6> on input line 22.
LaTeX Font Info:    External font `cmex10' loaded for size
(Font)              <10.95> on input line 27.

Overfull \hbox (6.03305pt too wide) in paragraph at lines 77--79
[]\OT1/cmr/m/n/10.95 We are work-ing with \OT1/cmr/bx/n/10.95 blood im-mune
 []



[1

{/usr/local/texlive/2025/texmf-var/fonts/map/pdftex/updmap/pdftex.map}{/usr/loc
al/texlive/2025/texmf-dist/fonts/enc/dvips/cm-super/cm-super-ts1.enc}]
Overfull \hbox (12.7445pt too wide) in paragraph at lines 96--98
[]\OT1/cmr/m/n/10.95 The cell's \OT1/cmr/bx/n/10.95 in-flam-ma-tion pro-gram \O
T1/cmr/m/n/10.95 is also turned
 []



[2]

[3]
Overfull \hbox (11.29468pt too wide) in paragraph at lines 232--235
[]\OT1/cmr/bx/n/10.95 Cell meta-data \OT1/cmr/m/n/10.95 | one row per cell, wit
h columns like \OT1/cmtt/m/n/10.95 nFeature[]RNA\OT1/cmr/m/n/10.95 , \OT1/cmtt/
m/n/10.95 percent.mt\OT1/cmr/m/n/10.95 , \OT1/cmtt/m/n/10.95 severity\OT1/cmr/m
/n/10.95 ,
 []



[4]

[5]

[6]

[7]
<plots/phase1/phase1_step05_genes_per_cell.png, id=521, 903.375pt x 552.0625pt>

File: plots/phase1/phase1_step05_genes_per_cell.png Graphic file (type png)
<use plots/phase1/phase1_step05_genes_per_cell.png>
Package pdftex.def Info: plots/phase1/phase1_step05_genes_per_cell.png  used on
 input line 483.
(pdftex.def)             Requested size: 386.96027pt x 236.4809pt.
<plots/phase1/phase1_step07_mito_distribution.png, id=523, 903.375pt x 552.0625
pt>
File: plots/phase1/phase1_step07_mito_distribution.png Graphic file (type png)
<use plots/phase1/phase1_step07_mito_distribution.png>
Package pdftex.def Info: plots/phase1/phase1_step07_mito_distribution.png  used
 on input line 499.
(pdftex.def)             Requested size: 386.96027pt x 236.4809pt.


[8 <./plots/phase1/phase1_step05_genes_per_cell.png> <./plots/phase1/phase1_ste
p07_mito_distribution.png>]
<plots/phase1/phase1_step08_violin_qc_metrics.png, id=531, 794.97pt x 289.08pt>

File: plots/phase1/phase1_step08_violin_qc_metrics.png Graphic file (type png)
<use plots/phase1/phase1_step08_violin_qc_metrics.png>
Package pdftex.def Info: plots/phase1/phase1_step08_violin_qc_metrics.png  used
 on input line 515.
(pdftex.def)             Requested size: 455.24411pt x 165.54922pt.
<plots/phase1/phase1_step08_scatter_qc_metrics.png, id=532, 722.7pt x 289.08pt>

File: plots/phase1/phase1_step08_scatter_qc_metrics.png Graphic file (type png)

<use plots/phase1/phase1_step08_scatter_qc_metrics.png>
Package pdftex.def Info: plots/phase1/phase1_step08_scatter_qc_metrics.png  use
d on input line 519.
(pdftex.def)             Requested size: 432.48051pt x 172.99059pt.


[9 <./plots/phase1/phase1_step08_violin_qc_metrics.png> <./plots/phase1/phase1_
step08_scatter_qc_metrics.png>]
<plots/phase1/phase1_step11_before_after_filtering.png, id=539, 794.97pt x 578.
16pt>
File: plots/phase1/phase1_step11_before_after_filtering.png Graphic file (type 
png)
<use plots/phase1/phase1_step11_before_after_filtering.png>
Package pdftex.def Info: plots/phase1/phase1_step11_before_after_filtering.png 
 used on input line 590.
(pdftex.def)             Requested size: 455.24411pt x 331.09846pt.


[10]

[11 <./plots/phase1/phase1_step11_before_after_filtering.png>]
! Undefined control sequence.
l.650         use a MAD-based rule ($< \text
                                            {median} - 3 \times \text{MAD}$).
The control sequence at the end of the top line
of your error message was never \def'ed. If you have
misspelled it (e.g., `\hobx'), type `I' and the correct
spelling (e.g., `I\hbox'). Otherwise just continue,
and I'll forget about whatever was undefined.

! Undefined control sequence.
l.650 ...d rule ($< \text{median} - 3 \times \text
                                                  {MAD}$).
The control sequence at the end of the top line
of your error message was never \def'ed. If you have
misspelled it (e.g., `\hobx'), type `I' and the correct
spelling (e.g., `I\hbox'). Otherwise just continue,
and I'll forget about whatever was undefined.



[12]
Overfull \hbox (9.00603pt too wide) in paragraph at lines 697--703
\OT1/cmr/m/n/10.95 Raw counts are log-normalized (di-vided by to-tal cell count
s, scaled to 10,000, then log-transformed)
 []

<plots/phase2/phase2_step05a_pc_loadings.png, id=556, 722.7pt x 578.16pt>
File: plots/phase2/phase2_step05a_pc_loadings.png Graphic file (type png)
<use plots/phase2/phase2_step05a_pc_loadings.png>
Package pdftex.def Info: plots/phase2/phase2_step05a_pc_loadings.png  used on i
nput line 724.
(pdftex.def)             Requested size: 455.24411pt x 364.19861pt.


[13]
<plots/phase2/phase2_step05b_pc_heatmaps.png, id=564, 1003.75pt x 1606.0pt>
File: plots/phase2/phase2_step05b_pc_heatmaps.png Graphic file (type png)
<use plots/phase2/phase2_step05b_pc_heatmaps.png>
Package pdftex.def Info: plots/phase2/phase2_step05b_pc_heatmaps.png  used on i
nput line 758.
(pdftex.def)             Requested size: 455.24411pt x 728.40314pt.


[14 <./plots/phase2/phase2_step05a_pc_loadings.png>]
Overfull \vbox (48.77194pt too high) has occurred while \output is active []



[15 <./plots/phase2/phase2_step05b_pc_heatmaps.png>]
<plots/phase2/phase2_step06_elbow_plot.png, id=575, 578.16pt x 361.35pt>
File: plots/phase2/phase2_step06_elbow_plot.png Graphic file (type png)
<use plots/phase2/phase2_step06_elbow_plot.png>
Package pdftex.def Info: plots/phase2/phase2_step06_elbow_plot.png  used on inp
ut line 784.
(pdftex.def)             Requested size: 386.96027pt x 241.84961pt.


[16 <./plots/phase2/phase2_step06_elbow_plot.png>]
<plots/phase2/phase2_step07_umap.png, id=581, 578.16pt x 433.62pt>
File: plots/phase2/phase2_step07_umap.png Graphic file (type png)
<use plots/phase2/phase2_step07_umap.png>
Package pdftex.def Info: plots/phase2/phase2_step07_umap.png  used on input lin
e 821.
(pdftex.def)             Requested size: 386.96027pt x 290.21953pt.
<plots/phase2/phase2_step08_tsne.png, id=582, 578.16pt x 433.62pt>
File: plots/phase2/phase2_step08_tsne.png Graphic file (type png)
<use plots/phase2/phase2_step08_tsne.png>
Package pdftex.def Info: plots/phase2/phase2_step08_tsne.png  used on input lin
e 851.
(pdftex.def)             Requested size: 386.96027pt x 290.21953pt.


[17 <./plots/phase2/phase2_step07_umap.png>]
<plots/phase2/phase2_step09_umap_vs_tsne.png, id=588, 1011.78pt x 361.35pt>
File: plots/phase2/phase2_step09_umap_vs_tsne.png Graphic file (type png)
<use plots/phase2/phase2_step09_umap_vs_tsne.png>
Package pdftex.def Info: plots/phase2/phase2_step09_umap_vs_tsne.png  used on i
nput line 862.
(pdftex.def)             Requested size: 455.24411pt x 162.58945pt.


[18 <./plots/phase2/phase2_step08_tsne.png> <./plots/phase2/phase2_step09_umap_
vs_tsne.png>]
Overfull \hbox (46.8702pt too wide) in paragraph at lines 907--912
\OT1/cmr/m/n/10.95 A shared-nearest-neighbour (SNN) graph is built from the fir
st 20 PCA di-men-sions with \OT1/cmtt/m/n/10.95 FindNeighbors()\OT1/cmr/m/n/10.
95 .
 []

! Undefined control sequence.
<recently read> \text 
                      
l.938 it means $\text
                     {res} \geq 0.8$ should not be used.
The control sequence at the end of the top line
of your error message was never \def'ed. If you have
misspelled it (e.g., `\hobx'), type `I' and the correct
spelling (e.g., `I\hbox'). Otherwise just continue,
and I'll forget about whatever was undefined.



[19]
<plots/phase3/phase3_step06_resolutions_comparison.png, id=601, 1156.32pt x 867
.24pt>
File: plots/phase3/phase3_step06_resolutions_comparison.png Graphic file (type 
png)
<use plots/phase3/phase3_step06_resolutions_comparison.png>
Package pdftex.def Info: plots/phase3/phase3_step06_resolutions_comparison.png 
 used on input line 949.
(pdftex.def)             Requested size: 455.24411pt x 341.42464pt.
<plots/phase3/phase3_step07a_umap_clusters_final.png, id=602, 722.7pt x 505.89p
t>
File: plots/phase3/phase3_step07a_umap_clusters_final.png Graphic file (type pn
g)
<use plots/phase3/phase3_step07a_umap_clusters_final.png>
Package pdftex.def Info: plots/phase3/phase3_step07a_umap_clusters_final.png  u
sed on input line 989.
(pdftex.def)             Requested size: 409.71692pt x 286.801pt.


[20 <./plots/phase3/phase3_step06_resolutions_comparison.png>]

[21 <./plots/phase3/phase3_step07a_umap_clusters_final.png>]
<plots/phase3/phase3_step07b_umap_vs_tsne.png, id=612, 1156.32pt x 433.62pt>
File: plots/phase3/phase3_step07b_umap_vs_tsne.png Graphic file (type png)
<use plots/phase3/phase3_step07b_umap_vs_tsne.png>
Package pdftex.def Info: plots/phase3/phase3_step07b_umap_vs_tsne.png  used on 
input line 1043.
(pdftex.def)             Requested size: 455.24411pt x 170.71231pt.


[22 <./plots/phase3/phase3_step07b_umap_vs_tsne.png>]
<plots/phase3/phase3_step08a_markers_monocytes.png, id=617, 867.24pt x 289.08pt
>
File: plots/phase3/phase3_step08a_markers_monocytes.png Graphic file (type png)

<use plots/phase3/phase3_step08a_markers_monocytes.png>
Package pdftex.def Info: plots/phase3/phase3_step08a_markers_monocytes.png  use
d on input line 1104.
(pdftex.def)             Requested size: 455.24411pt x 151.74721pt.

! Undefined control sequence.
l.1123         from CD14$^{\text
                                {lo}}$/CD16$^+$ non-classical monocytes.
The control sequence at the end of the top line
of your error message was never \def'ed. If you have
misspelled it (e.g., `\hobx'), type `I' and the correct
spelling (e.g., `I\hbox'). Otherwise just continue,
and I'll forget about whatever was undefined.

<plots/phase3/phase3_step08b_markers_tcells.png, id=618, 1156.32pt x 289.08pt>
File: plots/phase3/phase3_step08b_markers_tcells.png Graphic file (type png)
<use plots/phase3/phase3_step08b_markers_tcells.png>
Package pdftex.def Info: plots/phase3/phase3_step08b_markers_tcells.png  used o
n input line 1129.
(pdftex.def)             Requested size: 455.24411pt x 113.8082pt.


[23 <./plots/phase3/phase3_step08a_markers_monocytes.png>]
<plots/phase3/phase3_step08c_markers_bcells.png, id=625, 578.16pt x 289.08pt>
File: plots/phase3/phase3_step08c_markers_bcells.png Graphic file (type png)
<use plots/phase3/phase3_step08c_markers_bcells.png>
Package pdftex.def Info: plots/phase3/phase3_step08c_markers_bcells.png  used o
n input line 1152.
(pdftex.def)             Requested size: 455.24411pt x 227.62082pt.
<plots/phase3/phase3_step08d_markers_nk.png, id=626, 578.16pt x 289.08pt>
File: plots/phase3/phase3_step08d_markers_nk.png Graphic file (type png)
<use plots/phase3/phase3_step08d_markers_nk.png>
Package pdftex.def Info: plots/phase3/phase3_step08d_markers_nk.png  used on in
put line 1167.
(pdftex.def)             Requested size: 455.24411pt x 227.62082pt.


[24 <./plots/phase3/phase3_step08b_markers_tcells.png> <./plots/phase3/phase3_s
tep08c_markers_bcells.png>]
<plots/phase3/phase3_step08e_dotplot_markers.png, id=633, 867.24pt x 433.62pt>
File: plots/phase3/phase3_step08e_dotplot_markers.png Graphic file (type png)
<use plots/phase3/phase3_step08e_dotplot_markers.png>
Package pdftex.def Info: plots/phase3/phase3_step08e_dotplot_markers.png  used 
on input line 1180.
(pdftex.def)             Requested size: 455.24411pt x 227.62082pt.


[25 <./plots/phase3/phase3_step08d_markers_nk.png> <./plots/phase3/phase3_step0
8e_dotplot_markers.png>]
Overfull \hbox (4.90912pt too wide) in paragraph at lines 1202--1205
[]\OT1/cmr/bx/n/10.95 Cluster 14\OT1/cmr/m/n/10.95 : High PPBP; mixed low ex-pr
es-sion of other mark-ers $\OMS/cmsy/m/n/10.95 !$ \OT1/cmr/bx/n/10.95 platelets
 / megakary-
 []

<plots/phase3/phase3_step09c_umap_singler.png, id=641, 867.24pt x 505.89pt>
File: plots/phase3/phase3_step09c_umap_singler.png Graphic file (type png)
<use plots/phase3/phase3_step09c_umap_singler.png>
Package pdftex.def Info: plots/phase3/phase3_step09c_umap_singler.png  used on 
input line 1258.
(pdftex.def)             Requested size: 432.48051pt x 252.28052pt.


[26]
Overfull \hbox (13.32623pt too wide) in paragraph at lines 1272--1275
[]\OT1/cmr/bx/n/10.95 Bottom is-land \OT1/cmr/m/n/10.95 = B-cells (salmon/pink)
, com-pletely iso-lated, con-firm-ing the MS4A1/CD79A
 []


Overfull \hbox (8.90889pt too wide) in paragraph at lines 1275--1279
[]\OT1/cmr/bx/n/10.95 Center tran-si-tion zone (clus-ter 14) \OT1/cmr/m/n/10.95
 = a mixed clus-ter of Ery-thro-cytes, HSC, Eosinophils,
 []

<plots/phase3/phase3_step09d_ditto_umap.png, id=646, 867.24pt x 505.89pt>
File: plots/phase3/phase3_step09d_ditto_umap.png Graphic file (type png)
<use plots/phase3/phase3_step09d_ditto_umap.png>
Package pdftex.def Info: plots/phase3/phase3_step09d_ditto_umap.png  used on in
put line 1286.
(pdftex.def)             Requested size: 432.48051pt x 252.28052pt.


[27 <./plots/phase3/phase3_step09c_umap_singler.png>]

[28 <./plots/phase3/phase3_step09d_ditto_umap.png>]
<plots/phase3/phase3_step10a_marker_heatmap.png, id=656, 1405.25pt x 1003.75pt>

File: plots/phase3/phase3_step10a_marker_heatmap.png Graphic file (type png)
<use plots/phase3/phase3_step10a_marker_heatmap.png>
Package pdftex.def Info: plots/phase3/phase3_step10a_marker_heatmap.png  used o
n input line 1352.
(pdftex.def)             Requested size: 455.24411pt x 325.1734pt.
LaTeX Font Info:    External font `cmex10' loaded for size
(Font)              <7> on input line 1369.
LaTeX Font Info:    External font `cmex10' loaded for size
(Font)              <5> on input line 1369.

Overfull \hbox (1.13286pt too wide) in paragraph at lines 1369--1398
 [] 
 []



[29 <./plots/phase3/phase3_step10a_marker_heatmap.png>]

[30]
Overfull \hbox (2.99089pt too wide) in paragraph at lines 1464--1466
[]\OT1/cmr/bx/n/10.95 Other: \OT1/cmr/m/n/10.95 Den-dritic cells, pro-lif-er-at
-ing cells, and two con-tam-i-na-tion clus-ters (platelets/cluster
 []


Package hyperref Warning: Token not allowed in a PDF string (Unicode):
(hyperref)                removing `\mathsurround' on input line 1516.


Package hyperref Warning: Token not allowed in a PDF string (Unicode):
(hyperref)                removing `\z@' on input line 1516.


Package hyperref Warning: Token not allowed in a PDF string (Unicode):
(hyperref)                removing `superscript' on input line 1516.



[31]
<plots/phase4/phase4_umap_split_severity.png, id=672, 1156.32pt x 361.35pt>
File: plots/phase4/phase4_umap_split_severity.png Graphic file (type png)
<use plots/phase4/phase4_umap_split_severity.png>
Package pdftex.def Info: plots/phase4/phase4_umap_split_severity.png  used on i
nput line 1558.
(pdftex.def)             Requested size: 455.24411pt x 142.26025pt.


[32 <./plots/phase4/phase4_umap_split_severity.png>]
<plots/phase4/phase4_composition_barplot.png, id=684, 722.7pt x 433.62pt>
File: plots/phase4/phase4_composition_barplot.png Graphic file (type png)
<use plots/phase4/phase4_composition_barplot.png>
Package pdftex.def Info: plots/phase4/phase4_composition_barplot.png  used on i
nput line 1585.
(pdftex.def)             Requested size: 409.71692pt x 245.82944pt.
<plots/phase4/phase4_violin_scores_severity.png, id=685, 1011.78pt x 361.35pt>
File: plots/phase4/phase4_violin_scores_severity.png Graphic file (type png)
<use plots/phase4/phase4_violin_scores_severity.png>
Package pdftex.def Info: plots/phase4/phase4_violin_scores_severity.png  used o
n input line 1621.
(pdftex.def)             Requested size: 455.24411pt x 162.58945pt.


[33 <./plots/phase4/phase4_composition_barplot.png>]
<plots/phase4/phase4_coactivation_scatter.png, id=690, 867.24pt x 578.16pt>
File: plots/phase4/phase4_coactivation_scatter.png Graphic file (type png)
<use plots/phase4/phase4_coactivation_scatter.png>
Package pdftex.def Info: plots/phase4/phase4_coactivation_scatter.png  used on 
input line 1659.
(pdftex.def)             Requested size: 455.24411pt x 303.49443pt.


[34 <./plots/phase4/phase4_violin_scores_severity.png>]

[35 <./plots/phase4/phase4_coactivation_scatter.png>]
<plots/phase4/phase4_donor_boxplots.png, id=700, 1011.78pt x 361.35pt>
File: plots/phase4/phase4_donor_boxplots.png Graphic file (type png)
<use plots/phase4/phase4_donor_boxplots.png>
Package pdftex.def Info: plots/phase4/phase4_donor_boxplots.png  used on input 
line 1715.
(pdftex.def)             Requested size: 455.24411pt x 162.58945pt.


[36 <./plots/phase4/phase4_donor_boxplots.png>]
! Undefined control sequence.
l.1770 monocytes (Wilcoxon test, $p_\text
                                         {adj} < 0.05$, $\log_2 \text{FC} > ...
The control sequence at the end of the top line
of your error message was never \def'ed. If you have
misspelled it (e.g., `\hobx'), type `I' and the correct
spelling (e.g., `I\hbox'). Otherwise just continue,
and I'll forget about whatever was undefined.

! Undefined control sequence.
l.1770 ...st, $p_\text{adj} < 0.05$, $\log_2 \text
                                                  {FC} > 0.25$).
The control sequence at the end of the top line
of your error message was never \def'ed. If you have
misspelled it (e.g., `\hobx'), type `I' and the correct
spelling (e.g., `I\hbox'). Otherwise just continue,
and I'll forget about whatever was undefined.

<plots/phase4/phase4_volcano_monocyte_DE.png, id=705, 722.7pt x 578.16pt>
File: plots/phase4/phase4_volcano_monocyte_DE.png Graphic file (type png)
<use plots/phase4/phase4_volcano_monocyte_DE.png>
Package pdftex.def Info: plots/phase4/phase4_volcano_monocyte_DE.png  used on i
nput line 1776.
(pdftex.def)             Requested size: 432.48051pt x 345.98119pt.


[37 <./plots/phase4/phase4_volcano_monocyte_DE.png>]

[38]
<plots/phase5/phase5_qc_violin.png, id=720, 867.24pt x 289.08pt>
File: plots/phase5/phase5_qc_violin.png Graphic file (type png)
<use plots/phase5/phase5_qc_violin.png>
Package pdftex.def Info: plots/phase5/phase5_qc_violin.png  used on input line 
1905.
(pdftex.def)             Requested size: 455.24411pt x 151.74721pt.


[39 <./plots/phase5/phase5_qc_violin.png>]
<plots/phase5/phase5_qc_scatter.png, id=726, 867.24pt x 289.08pt>
File: plots/phase5/phase5_qc_scatter.png Graphic file (type png)
<use plots/phase5/phase5_qc_scatter.png>
Package pdftex.def Info: plots/phase5/phase5_qc_scatter.png  used on input line
 1926.
(pdftex.def)             Requested size: 432.48051pt x 144.1603pt.
<plots/phase5/phase5_elbow_plot.png, id=727, 578.16pt x 289.08pt>
File: plots/phase5/phase5_elbow_plot.png Graphic file (type png)
<use plots/phase5/phase5_elbow_plot.png>
Package pdftex.def Info: plots/phase5/phase5_elbow_plot.png  used on input line
 1951.
(pdftex.def)             Requested size: 386.96027pt x 193.47968pt.


[40 <./plots/phase5/phase5_qc_scatter.png> <./plots/phase5/phase5_elbow_plot.pn
g>]
<plots/phase5/phase5_umap_overview.png, id=734, 1011.78pt x 361.35pt>
File: plots/phase5/phase5_umap_overview.png Graphic file (type png)
<use plots/phase5/phase5_umap_overview.png>
Package pdftex.def Info: plots/phase5/phase5_umap_overview.png  used on input l
ine 1976.
(pdftex.def)             Requested size: 455.24411pt x 162.58945pt.
<plots/phase5/phase5_marker_featureplots.png, id=735, 1156.32pt x 867.24pt>
File: plots/phase5/phase5_marker_featureplots.png Graphic file (type png)
<use plots/phase5/phase5_marker_featureplots.png>
Package pdftex.def Info: plots/phase5/phase5_marker_featureplots.png  used on i
nput line 2010.
(pdftex.def)             Requested size: 455.24411pt x 341.42464pt.


[41 <./plots/phase5/phase5_umap_overview.png>]
<plots/phase5/phase5_umap_celltype.png, id=740, 867.24pt x 505.89pt>
File: plots/phase5/phase5_umap_celltype.png Graphic file (type png)
<use plots/phase5/phase5_umap_celltype.png>
Package pdftex.def Info: plots/phase5/phase5_umap_celltype.png  used on input l
ine 2038.
(pdftex.def)             Requested size: 432.48051pt x 252.28052pt.


[42 <./plots/phase5/phase5_marker_featureplots.png>]
<plots/phase5/phase5_composition_time.png, id=746, 867.24pt x 433.62pt>
File: plots/phase5/phase5_composition_time.png Graphic file (type png)
<use plots/phase5/phase5_composition_time.png>
Package pdftex.def Info: plots/phase5/phase5_composition_time.png  used on inpu
t line 2060.
(pdftex.def)             Requested size: 455.24411pt x 227.62082pt.


[43 <./plots/phase5/phase5_umap_celltype.png>]
<plots/phase5/phase5_coactivation_scatter.png, id=753, 867.24pt x 433.62pt>
File: plots/phase5/phase5_coactivation_scatter.png Graphic file (type png)
<use plots/phase5/phase5_coactivation_scatter.png>
Package pdftex.def Info: plots/phase5/phase5_coactivation_scatter.png  used on 
input line 2092.
(pdftex.def)             Requested size: 455.24411pt x 227.62082pt.


[44 <./plots/phase5/phase5_composition_time.png>]
<plots/phase5/phase5_longitudinal_dynamics.png, id=758, 867.24pt x 361.35pt>
File: plots/phase5/phase5_longitudinal_dynamics.png Graphic file (type png)
<use plots/phase5/phase5_longitudinal_dynamics.png>
Package pdftex.def Info: plots/phase5/phase5_longitudinal_dynamics.png  used on
 input line 2129.
(pdftex.def)             Requested size: 455.24411pt x 189.68402pt.


[45 <./plots/phase5/phase5_coactivation_scatter.png>]
<plots/phase5/phase5_toci_violin.png, id=763, 867.24pt x 361.35pt>
File: plots/phase5/phase5_toci_violin.png Graphic file (type png)
<use plots/phase5/phase5_toci_violin.png>
Package pdftex.def Info: plots/phase5/phase5_toci_violin.png  used on input lin
e 2175.
(pdftex.def)             Requested size: 455.24411pt x 189.68402pt.


[46 <./plots/phase5/phase5_longitudinal_dynamics.png>]
Overfull \hbox (2.20934pt too wide) in paragraph at lines 2219--2226
[]\OT1/cmr/bx/n/10.95 The co-activated state is re-spon-sive to treat-ment. \OT
1/cmr/m/n/10.95 Tocilizumab re-duces co-activation
 []


Overfull \hbox (1.45331pt too wide) in paragraph at lines 2227--2232
[]\OT1/cmr/bx/n/10.95 The mono-cyte com-part-ment col-lapses un-der treat-ment.
 \OT1/cmr/m/n/10.95 As mono-cyte co-activation
 []



[47 <./plots/phase5/phase5_toci_violin.png>]
<plots/phase6/phase6_01_umap_celltype.png, id=776, 722.7pt x 505.89pt>
File: plots/phase6/phase6_01_umap_celltype.png Graphic file (type png)
<use plots/phase6/phase6_01_umap_celltype.png>
Package pdftex.def Info: plots/phase6/phase6_01_umap_celltype.png  used on inpu
t line 2269.
(pdftex.def)             Requested size: 409.71692pt x 286.801pt.


[48 <./plots/phase6/phase6_01_umap_celltype.png>]
<plots/phase6/phase6_02_umap_split_severity.png, id=783, 1156.32pt x 361.35pt>
File: plots/phase6/phase6_02_umap_split_severity.png Graphic file (type png)
<use plots/phase6/phase6_02_umap_split_severity.png>
Package pdftex.def Info: plots/phase6/phase6_02_umap_split_severity.png  used o
n input line 2296.
(pdftex.def)             Requested size: 455.24411pt x 142.26025pt.
<plots/phase6/phase6_09_composition_barplot.png, id=784, 722.7pt x 433.62pt>
File: plots/phase6/phase6_09_composition_barplot.png Graphic file (type png)
<use plots/phase6/phase6_09_composition_barplot.png>
Package pdftex.def Info: plots/phase6/phase6_09_composition_barplot.png  used o
n input line 2316.
(pdftex.def)             Requested size: 386.96027pt x 232.1796pt.


[49 <./plots/phase6/phase6_02_umap_split_severity.png>]
<plots/phase6/phase6_03_feature_ISG.png, id=791, 1084.05pt x 361.35pt>
File: plots/phase6/phase6_03_feature_ISG.png Graphic file (type png)
<use plots/phase6/phase6_03_feature_ISG.png>
Package pdftex.def Info: plots/phase6/phase6_03_feature_ISG.png  used on input 
line 2343.
(pdftex.def)             Requested size: 455.24411pt x 151.74942pt.


[50 <./plots/phase6/phase6_09_composition_barplot.png> <./plots/phase6/phase6_0
3_feature_ISG.png>]
<plots/phase6/phase6_04_feature_TNF_IL1.png, id=796, 1084.05pt x 361.35pt>
File: plots/phase6/phase6_04_feature_TNF_IL1.png Graphic file (type png)
<use plots/phase6/phase6_04_feature_TNF_IL1.png>
Package pdftex.def Info: plots/phase6/phase6_04_feature_TNF_IL1.png  used on in
put line 2367.
(pdftex.def)             Requested size: 455.24411pt x 151.74942pt.
<plots/phase6/phase6_05_violin_module_scores.png, id=797, 867.24pt x 361.35pt>
File: plots/phase6/phase6_05_violin_module_scores.png Graphic file (type png)
<use plots/phase6/phase6_05_violin_module_scores.png>
Package pdftex.def Info: plots/phase6/phase6_05_violin_module_scores.png  used 
on input line 2394.
(pdftex.def)             Requested size: 455.24411pt x 189.68402pt.


[51 <./plots/phase6/phase6_04_feature_TNF_IL1.png>]
<plots/phase6/phase6_06_donor_coactivation_boxplot.png, id=802, 578.16pt x 433.
62pt>
File: plots/phase6/phase6_06_donor_coactivation_boxplot.png Graphic file (type 
png)
<use plots/phase6/phase6_06_donor_coactivation_boxplot.png>
Package pdftex.def Info: plots/phase6/phase6_06_donor_coactivation_boxplot.png 
 used on input line 2425.
(pdftex.def)             Requested size: 386.96027pt x 290.21953pt.


[52 <./plots/phase6/phase6_05_violin_module_scores.png>]
<plots/phase6/phase6_07_volcano_monocyte_DE.png, id=807, 722.7pt x 578.16pt>
File: plots/phase6/phase6_07_volcano_monocyte_DE.png Graphic file (type png)
<use plots/phase6/phase6_07_volcano_monocyte_DE.png>
Package pdftex.def Info: plots/phase6/phase6_07_volcano_monocyte_DE.png  used o
n input line 2453.
(pdftex.def)             Requested size: 432.48051pt x 345.98119pt.


[53 <./plots/phase6/phase6_06_donor_coactivation_boxplot.png>]
<plots/phase6/phase6_08_marker_heatmap.png, id=812, 1011.78pt x 722.7pt>
File: plots/phase6/phase6_08_marker_heatmap.png Graphic file (type png)
<use plots/phase6/phase6_08_marker_heatmap.png>
Package pdftex.def Info: plots/phase6/phase6_08_marker_heatmap.png  used on inp
ut line 2480.
(pdftex.def)             Requested size: 455.24411pt x 325.17891pt.


[54 <./plots/phase6/phase6_07_volcano_monocyte_DE.png>]
<plots/phase6/phase6_10_replication_coactivation.png, id=817, 722.7pt x 433.62p
t>
File: plots/phase6/phase6_10_replication_coactivation.png Graphic file (type pn
g)
<use plots/phase6/phase6_10_replication_coactivation.png>
Package pdftex.def Info: plots/phase6/phase6_10_replication_coactivation.png  u
sed on input line 2502.
(pdftex.def)             Requested size: 455.24411pt x 273.14896pt.


[55 <./plots/phase6/phase6_08_marker_heatmap.png>]
Overfull \hbox (0.15024pt too wide) in paragraph at lines 2512--2514
[]\OT1/cmr/bx/n/10.95 Day 5 (or-ange): \OT1/cmr/m/n/10.95 cells shift down-ward
 | the TNF/IL-1$\OML/cmm/m/it/10.95 ^^L$ \OT1/cmr/m/n/10.95 com-po-nent drops a
s Tocilizumab
 []

<plots/phase6/phase6_summary_panel.png, id=823, 1445.4pt x 867.24pt>
File: plots/phase6/phase6_summary_panel.png Graphic file (type png)
<use plots/phase6/phase6_summary_panel.png>
Package pdftex.def Info: plots/phase6/phase6_summary_panel.png  used on input l
ine 2523.
(pdftex.def)             Requested size: 455.24411pt x 273.14235pt.


[56 <./plots/phase6/phase6_10_replication_coactivation.png>]

[57 <./plots/phase6/phase6_summary_panel.png>]

[58]
<plots/phase7/phase7_severity_distribution.png, id=845, 578.16pt x 361.35pt>
File: plots/phase7/phase7_severity_distribution.png Graphic file (type png)
<use plots/phase7/phase7_severity_distribution.png>
Package pdftex.def Info: plots/phase7/phase7_severity_distribution.png  used on
 input line 2661.
(pdftex.def)             Requested size: 341.43307pt x 213.39314pt.
<plots/phase7/phase7_library_sizes.png, id=846, 722.7pt x 361.35pt>
File: plots/phase7/phase7_library_sizes.png Graphic file (type png)
<use plots/phase7/phase7_library_sizes.png>
Package pdftex.def Info: plots/phase7/phase7_library_sizes.png  used on input l
ine 2676.
(pdftex.def)             Requested size: 455.24411pt x 227.62413pt.


[59 <./plots/phase7/phase7_severity_distribution.png>]
<plots/phase7/phase7_gender_balance.png, id=851, 578.16pt x 361.35pt>
File: plots/phase7/phase7_gender_balance.png Graphic file (type png)
<use plots/phase7/phase7_gender_balance.png>
Package pdftex.def Info: plots/phase7/phase7_gender_balance.png  used on input 
line 2697.
(pdftex.def)             Requested size: 341.43307pt x 213.39314pt.


[60 <./plots/phase7/phase7_library_sizes.png> <./plots/phase7/phase7_gender_bal
ance.png>]

[61]

[62]
<plots/phase8/phase8_mean_variance.png, id=869, 578.16pt x 433.62pt>
File: plots/phase8/phase8_mean_variance.png Graphic file (type png)
<use plots/phase8/phase8_mean_variance.png>
Package pdftex.def Info: plots/phase8/phase8_mean_variance.png  used on input l
ine 2835.
(pdftex.def)             Requested size: 386.96027pt x 290.21953pt.


[63 <./plots/phase8/phase8_mean_variance.png>]
<plots/phase8/phase8_MA_plots.png, id=874, 867.24pt x 361.35pt>
File: plots/phase8/phase8_MA_plots.png Graphic file (type png)
<use plots/phase8/phase8_MA_plots.png>
Package pdftex.def Info: plots/phase8/phase8_MA_plots.png  used on input line 2
876.
(pdftex.def)             Requested size: 455.24411pt x 189.68402pt.
<plots/phase8/phase8_volcano.png, id=875, 722.7pt x 578.16pt>
File: plots/phase8/phase8_volcano.png Graphic file (type png)
<use plots/phase8/phase8_volcano.png>
Package pdftex.def Info: plots/phase8/phase8_volcano.png  used on input line 29
14.
(pdftex.def)             Requested size: 455.24411pt x 364.19861pt.


[64 <./plots/phase8/phase8_MA_plots.png>]

[65 <./plots/phase8/phase8_volcano.png>]
<plots/phase8/phase8_heatmap_top30.png, id=885, 722.7pt x 578.16pt>
File: plots/phase8/phase8_heatmap_top30.png Graphic file (type png)
<use plots/phase8/phase8_heatmap_top30.png>
Package pdftex.def Info: plots/phase8/phase8_heatmap_top30.png  used on input l
ine 2971.
(pdftex.def)             Requested size: 455.24411pt x 364.19861pt.


[66 <./plots/phase8/phase8_heatmap_top30.png>]
<plots/phase8/phase8_key_gene_boxplots.png, id=891, 1011.78pt x 361.35pt>
File: plots/phase8/phase8_key_gene_boxplots.png Graphic file (type png)
<use plots/phase8/phase8_key_gene_boxplots.png>
Package pdftex.def Info: plots/phase8/phase8_key_gene_boxplots.png  used on inp
ut line 3014.
(pdftex.def)             Requested size: 455.24411pt x 162.58945pt.


[67 <./plots/phase8/phase8_key_gene_boxplots.png>]

[68]
<plots/phase9/phase9_gender_balance.png, id=905, 578.16pt x 361.35pt>
File: plots/phase9/phase9_gender_balance.png Graphic file (type png)
<use plots/phase9/phase9_gender_balance.png>
Package pdftex.def Info: plots/phase9/phase9_gender_balance.png  used on input 
line 3127.
(pdftex.def)             Requested size: 341.43307pt x 213.39314pt.
<plots/phase9/phase9_MA_comparison.png, id=906, 867.24pt x 361.35pt>
File: plots/phase9/phase9_MA_comparison.png Graphic file (type png)
<use plots/phase9/phase9_MA_comparison.png>
Package pdftex.def Info: plots/phase9/phase9_MA_comparison.png  used on input l
ine 3158.
(pdftex.def)             Requested size: 455.24411pt x 189.68402pt.


[69 <./plots/phase9/phase9_gender_balance.png>]
<plots/phase9/phase9_lfc_correlation.png, id=911, 578.16pt x 578.16pt>
File: plots/phase9/phase9_lfc_correlation.png Graphic file (type png)
<use plots/phase9/phase9_lfc_correlation.png>
Package pdftex.def Info: plots/phase9/phase9_lfc_correlation.png  used on input
 line 3193.
(pdftex.def)             Requested size: 386.96027pt x 386.95937pt.


[70 <./plots/phase9/phase9_MA_comparison.png>]

[71 <./plots/phase9/phase9_lfc_correlation.png>]
<plots/phase10/phase10_volcano.png, id=921, 867.24pt x 650.43pt>
File: plots/phase10/phase10_volcano.png Graphic file (type png)
<use plots/phase10/phase10_volcano.png>
Package pdftex.def Info: plots/phase10/phase10_volcano.png  used on input line 
3291.
(pdftex.def)             Requested size: 455.24411pt x 341.43124pt.


[72]

[73 <./plots/phase10/phase10_volcano.png>]
<plots/phase10/phase10_heatmap_top50.png, id=940, 867.24pt x 1011.78pt>
File: plots/phase10/phase10_heatmap_top50.png Graphic file (type png)
<use plots/phase10/phase10_heatmap_top50.png>
Package pdftex.def Info: plots/phase10/phase10_heatmap_top50.png  used on input
 line 3358.
(pdftex.def)             Requested size: 432.48051pt x 504.56105pt.


[74]

[75 <./plots/phase10/phase10_heatmap_top50.png>]
<plots/phase10/phase10_ISG_panel.png, id=950, 1011.78pt x 361.35pt>
File: plots/phase10/phase10_ISG_panel.png Graphic file (type png)
<use plots/phase10/phase10_ISG_panel.png>
Package pdftex.def Info: plots/phase10/phase10_ISG_panel.png  used on input lin
e 3403.
(pdftex.def)             Requested size: 455.24411pt x 162.58945pt.

Overfull \hbox (7.87329pt too wide) in paragraph at lines 3412--3417
[]\OT1/cmr/bx/n/10.95 ISG15: \OT1/cmr/m/n/10.95 Both groups have a me-dian near
 1,000--1,500, with wide vari-ance. One Healthy[]Mild
 []



[76 <./plots/phase10/phase10_ISG_panel.png>]

Package hyperref Warning: Token not allowed in a PDF string (Unicode):
(hyperref)                removing `math shift' on input line 3436.


Package hyperref Warning: Token not allowed in a PDF string (Unicode):
(hyperref)                removing `\beta' on input line 3436.


Package hyperref Warning: Token not allowed in a PDF string (Unicode):
(hyperref)                removing `math shift' on input line 3436.

<plots/phase10/phase10_TNF_IL1_panel.png, id=955, 1011.78pt x 361.35pt>
File: plots/phase10/phase10_TNF_IL1_panel.png Graphic file (type png)
<use plots/phase10/phase10_TNF_IL1_panel.png>
Package pdftex.def Info: plots/phase10/phase10_TNF_IL1_panel.png  used on input
 line 3439.
(pdftex.def)             Requested size: 455.24411pt x 162.58945pt.


[77 <./plots/phase10/phase10_TNF_IL1_panel.png>]

[78]
<plots/phase11/phase11_PCA_scree.png, id=972, 650.43pt x 361.35pt>
File: plots/phase11/phase11_PCA_scree.png Graphic file (type png)
<use plots/phase11/phase11_PCA_scree.png>
Package pdftex.def Info: plots/phase11/phase11_PCA_scree.png  used on input lin
e 3590.
(pdftex.def)             Requested size: 409.71692pt x 227.62413pt.
<plots/phase11/phase11_PCA_severity.png, id=973, 650.43pt x 505.89pt>
File: plots/phase11/phase11_PCA_severity.png Graphic file (type png)
<use plots/phase11/phase11_PCA_severity.png>
Package pdftex.def Info: plots/phase11/phase11_PCA_severity.png  used on input 
line 3610.
(pdftex.def)             Requested size: 409.71692pt x 318.67378pt.


[79 <./plots/phase11/phase11_PCA_scree.png>]
<plots/phase11/phase11_PCA_severity_gender.png, id=982, 650.43pt x 505.89pt>
File: plots/phase11/phase11_PCA_severity_gender.png Graphic file (type png)
<use plots/phase11/phase11_PCA_severity_gender.png>
Package pdftex.def Info: plots/phase11/phase11_PCA_severity_gender.png  used on
 input line 3633.
(pdftex.def)             Requested size: 409.71692pt x 318.67378pt.


[80 <./plots/phase11/phase11_PCA_severity.png>]
<plots/phase11/phase11_PCA_PC1_PC3.png, id=987, 650.43pt x 505.89pt>
File: plots/phase11/phase11_PCA_PC1_PC3.png Graphic file (type png)
<use plots/phase11/phase11_PCA_PC1_PC3.png>
Package pdftex.def Info: plots/phase11/phase11_PCA_PC1_PC3.png  used on input l
ine 3650.
(pdftex.def)             Requested size: 409.71692pt x 318.67378pt.


[81 <./plots/phase11/phase11_PCA_severity_gender.png>]
Overfull \hbox (1.57707pt too wide) in paragraph at lines 3657--3660
[]\OT1/cmr/m/n/10.95 Two Se-vere sam-ples (S175[]nCoV024, S155[]nCOV021E) and o
ne Healthy sam-ple (S066[]265)
 []

<plots/phase11/phase11_correlation_matrix.png, id=992, 722.7pt x 650.43pt>
File: plots/phase11/phase11_correlation_matrix.png Graphic file (type png)
<use plots/phase11/phase11_correlation_matrix.png>
Package pdftex.def Info: plots/phase11/phase11_correlation_matrix.png  used on 
input line 3674.
(pdftex.def)             Requested size: 455.24411pt x 409.72343pt.


[82 <./plots/phase11/phase11_PCA_PC1_PC3.png>]
<plots/phase11/phase11_distance_matrix.png, id=997, 722.7pt x 650.43pt>
File: plots/phase11/phase11_distance_matrix.png Graphic file (type png)
<use plots/phase11/phase11_distance_matrix.png>
Package pdftex.def Info: plots/phase11/phase11_distance_matrix.png  used on inp
ut line 3702.
(pdftex.def)             Requested size: 455.24411pt x 409.72343pt.


[83 <./plots/phase11/phase11_correlation_matrix.png>]
<plots/phase11/phase11_hierarchical_clustering.png, id=1003, 867.24pt x 433.62p
t>
File: plots/phase11/phase11_hierarchical_clustering.png Graphic file (type png)

<use plots/phase11/phase11_hierarchical_clustering.png>
Package pdftex.def Info: plots/phase11/phase11_hierarchical_clustering.png  use
d on input line 3723.
(pdftex.def)             Requested size: 455.24411pt x 227.62082pt.


[84 <./plots/phase11/phase11_distance_matrix.png>]
<plots/phase11/phase11_kmeans_elbow.png, id=1009, 650.43pt x 361.35pt>
File: plots/phase11/phase11_kmeans_elbow.png Graphic file (type png)
<use plots/phase11/phase11_kmeans_elbow.png>
Package pdftex.def Info: plots/phase11/phase11_kmeans_elbow.png  used on input 
line 3752.
(pdftex.def)             Requested size: 386.96027pt x 214.98111pt.


[85 <./plots/phase11/phase11_hierarchical_clustering.png (PNG copy)>]
<plots/phase11/phase11_kmeans_fviz.png, id=1015, 650.43pt x 505.89pt>
File: plots/phase11/phase11_kmeans_fviz.png Graphic file (type png)
<use plots/phase11/phase11_kmeans_fviz.png>
Package pdftex.def Info: plots/phase11/phase11_kmeans_fviz.png  used on input l
ine 3770.
(pdftex.def)             Requested size: 409.71692pt x 318.67378pt.


[86 <./plots/phase11/phase11_kmeans_elbow.png>]
<plots/phase11/phase11_PCA_kmeans_overlay.png, id=1020, 722.7pt x 505.89pt>
File: plots/phase11/phase11_PCA_kmeans_overlay.png Graphic file (type png)
<use plots/phase11/phase11_PCA_kmeans_overlay.png>
Package pdftex.def Info: plots/phase11/phase11_PCA_kmeans_overlay.png  used on 
input line 3789.
(pdftex.def)             Requested size: 409.71692pt x 286.801pt.


[87 <./plots/phase11/phase11_kmeans_fviz.png>]
Overfull \hbox (20.66269pt too wide) in paragraph at lines 3797--3799
[]\OT1/cmr/m/n/10.95 All blue (Healthy) dots are tri-an-gles (clus-ter 2) | \OT
1/cmr/bx/n/10.95 per-fect re-cov-ery \OT1/cmr/m/n/10.95 of the en-tire Healthy/
Mild
 []



[88 <./plots/phase11/phase11_PCA_kmeans_overlay.png>]

[89]
<plots/phase12/phase12_gobp_dotplot.png, id=1038, 1011.78pt x 650.43pt>
File: plots/phase12/phase12_gobp_dotplot.png Graphic file (type png)
<use plots/phase12/phase12_gobp_dotplot.png>
Package pdftex.def Info: plots/phase12/phase12_gobp_dotplot.png  used on input 
line 3910.
(pdftex.def)             Requested size: 455.24411pt x 292.66101pt.


[90 <./plots/phase12/phase12_gobp_dotplot.png>]
Overfull \hbox (6.98878pt too wide) in paragraph at lines 3946--3949
[]\OT1/cmr/bx/n/10.95 GOBP Com-ple-ment Com-plex As-sem-bly with MHC Pro-tein \
OT1/cmr/m/n/10.95 | antigen-presentation
 []

<plots/phase12/phase12_hallmark_dotplot.png, id=1043, 939.51pt x 578.16pt>
File: plots/phase12/phase12_hallmark_dotplot.png Graphic file (type png)
<use plots/phase12/phase12_hallmark_dotplot.png>
Package pdftex.def Info: plots/phase12/phase12_hallmark_dotplot.png  used on in
put line 3958.
(pdftex.def)             Requested size: 432.48051pt x 266.14209pt.

Overfull \hbox (2.09155pt too wide) in paragraph at lines 3966--3974
[]\OT1/cmr/bx/n/10.95 HALLMARK Ox-ida-tive Phos-pho-ry-la-tion (Gen-eR-a-tio $\
OMS/cmsy/m/n/10.95 ^^Y$ \OT1/cmr/bx/n/10.95 0.65) \OT1/cmr/m/n/10.95 | the most
 strongly
 []



[91 <./plots/phase12/phase12_hallmark_dotplot.png>]

Package hyperref Warning: Token not allowed in a PDF string (Unicode):
(hyperref)                removing `math shift' on input line 4007.


Package hyperref Warning: Token not allowed in a PDF string (Unicode):
(hyperref)                removing `\kappa' on input line 4007.


Package hyperref Warning: Token not allowed in a PDF string (Unicode):
(hyperref)                removing `math shift' on input line 4007.

<plots/phase12/phase12_gsea_TNF_NFKB.png, id=1049, 722.7pt x 433.62pt>
File: plots/phase12/phase12_gsea_TNF_NFKB.png Graphic file (type png)
<use plots/phase12/phase12_gsea_TNF_NFKB.png>
Package pdftex.def Info: plots/phase12/phase12_gsea_TNF_NFKB.png  used on input
 line 4010.
(pdftex.def)             Requested size: 409.71692pt x 245.82944pt.

Overfull \hbox (80.38863pt too wide) in paragraph at lines 4013--4015
[]\OT1/cmr/m/n/10.95 This is the clas-sic GSEA run-ning en-rich-ment score (RES
) plot for HALL-MARK[]TNFA[]SIGNALING[]VIA[]NFKB. 
 []



[92 <./plots/phase12/phase12_gsea_TNF_NFKB.png>]
<plots/phase12/phase12_kegg_dotplot.png, id=1055, 939.51pt x 578.16pt>
File: plots/phase12/phase12_kegg_dotplot.png Graphic file (type png)
<use plots/phase12/phase12_kegg_dotplot.png>
Package pdftex.def Info: plots/phase12/phase12_kegg_dotplot.png  used on input 
line 4050.
(pdftex.def)             Requested size: 432.48051pt x 266.14209pt.


[93 <./plots/phase12/phase12_kegg_dotplot.png>]
<plots/phase12/phase12_reactome_dotplot.png, id=1061, 1011.78pt x 578.16pt>
File: plots/phase12/phase12_reactome_dotplot.png Graphic file (type png)
<use plots/phase12/phase12_reactome_dotplot.png>
Package pdftex.def Info: plots/phase12/phase12_reactome_dotplot.png  used on in
put line 4093.
(pdftex.def)             Requested size: 455.24411pt x 260.14313pt.


[94 <./plots/phase12/phase12_reactome_dotplot.png>]

[95]
<plots/phase13/phase13_signature_heatmap.png, id=1078, 722.7pt x 505.89pt>
File: plots/phase13/phase13_signature_heatmap.png Graphic file (type png)
<use plots/phase13/phase13_signature_heatmap.png>
Package pdftex.def Info: plots/phase13/phase13_signature_heatmap.png  used on i
nput line 4248.
(pdftex.def)             Requested size: 455.24411pt x 318.67378pt.


[96]
<plots/phase13/phase13_score_boxplots_GSE152418.png, id=1090, 867.24pt x 361.35
pt>
File: plots/phase13/phase13_score_boxplots_GSE152418.png Graphic file (type png
)
<use plots/phase13/phase13_score_boxplots_GSE152418.png>
Package pdftex.def Info: plots/phase13/phase13_score_boxplots_GSE152418.png  us
ed on input line 4285.
(pdftex.def)             Requested size: 455.24411pt x 189.68402pt.


[97 <./plots/phase13/phase13_signature_heatmap.png (PNG copy)>]
<plots/phase13/phase13_coactivation_scatter_GSE152418.png, id=1097, 578.16pt x 
505.89pt>
File: plots/phase13/phase13_coactivation_scatter_GSE152418.png Graphic file (ty
pe png)
<use plots/phase13/phase13_coactivation_scatter_GSE152418.png>
Package pdftex.def Info: plots/phase13/phase13_coactivation_scatter_GSE152418.p
ng  used on input line 4328.
(pdftex.def)             Requested size: 386.96027pt x 338.58945pt.


[98 <./plots/phase13/phase13_score_boxplots_GSE152418.png>]

[99 <./plots/phase13/phase13_coactivation_scatter_GSE152418.png>]
Overfull \hbox (31.00183pt too wide) in paragraph at lines 4415--4418
[]\OT1/cmr/m/n/10.95 The single-cell chap-ter was as-sem-bled into a clean, pub
lication-
 []


Overfull \hbox (47.11635pt too wide) in paragraph at lines 4420--4423
[]\OT1/cmr/m/n/10.95 Bulk RNA-seq from 33 whole-blood sam-ples (GSE152418)
 []



[100]

[101] (./project_overview.aux)
 ***********
LaTeX2e <2024-11-01> patch level 2
L3 programming layer <2025-01-18>
 ***********


Package rerunfilecheck Warning: File `project_overview.out' has changed.
(rerunfilecheck)                Rerun to get outlines right
(rerunfilecheck)                or use package `bookmark'.

Package rerunfilecheck Info: Checksums for `project_overview.out':
(rerunfilecheck)             Before: 32C612222279B2632F37345FB1CF77B5;29397
(rerunfilecheck)             After:  1D18FE8C8D1624A2393E0BA32CD38D6D;31512.
 ) 
Here is how much of TeX's memory you used:
 10763 strings out of 473190
 185573 string characters out of 5715800
 569286 words of memory out of 5000000
 33611 multiletter control sequences out of 15000+600000
 566698 words of font info for 62 fonts, out of 8000000 for 9000
 1141 hyphenation exceptions out of 8191
 69i,9n,79p,1205b,561s stack positions out of 10000i,1000n,20000p,200000b,200000s
</usr/local/texlive/2025/texmf-dist/fonts/type1/public/amsfonts/cm/cmbx10.pfb
></usr/local/texlive/2025/texmf-dist/fonts/type1/public/amsfonts/cm/cmbx12.pfb>
</usr/local/texlive/2025/texmf-dist/fonts/type1/public/amsfonts/cm/cmbx8.pfb></
usr/local/texlive/2025/texmf-dist/fonts/type1/public/amsfonts/cm/cmbxti10.pfb><
/usr/local/texlive/2025/texmf-dist/fonts/type1/public/amsfonts/cm/cmitt10.pfb><
/usr/local/texlive/2025/texmf-dist/fonts/type1/public/amsfonts/cm/cmmi10.pfb></
usr/local/texlive/2025/texmf-dist/fonts/type1/public/amsfonts/cm/cmmi8.pfb></us
r/local/texlive/2025/texmf-dist/fonts/type1/public/amsfonts/cm/cmr10.pfb></usr/
local/texlive/2025/texmf-dist/fonts/type1/public/amsfonts/cm/cmr12.pfb></usr/lo
cal/texlive/2025/texmf-dist/fonts/type1/public/amsfonts/cm/cmr7.pfb></usr/local
/texlive/2025/texmf-dist/fonts/type1/public/amsfonts/cm/cmr8.pfb></usr/local/te
xlive/2025/texmf-dist/fonts/type1/public/amsfonts/cm/cmsy10.pfb></usr/local/tex
live/2025/texmf-dist/fonts/type1/public/amsfonts/cm/cmsy8.pfb></usr/local/texli
ve/2025/texmf-dist/fonts/type1/public/amsfonts/cm/cmti10.pfb></usr/local/texliv
e/2025/texmf-dist/fonts/type1/public/amsfonts/cm/cmtt10.pfb></usr/local/texlive
/2025/texmf-dist/fonts/type1/public/cm-super/sfbx1095.pfb></usr/local/texlive/2
025/texmf-dist/fonts/type1/public/cm-super/sfrm1095.pfb></usr/local/texlive/202
5/texmf-dist/fonts/type1/public/cm-super/sftt1095.pfb>
Output written on project_overview.pdf (101 pages, 29245972 bytes).
PDF statistics:
 1269 PDF objects out of 1440 (max. 8388607)
 1005 compressed objects within 11 object streams
 305 named destinations out of 1000 (max. 500000)
 1355 words of extra memory for PDF output out of 10000 (max. 10000000)

